This is pdfTeX, Version 3.14159265-2.6-1.40.16 (MiKTeX 2.9 64-bit) (preloaded format=latex 2016.5.2)  26 SEP 2016 10:23
entering extended mode
**./poster_stage.tex
(poster_stage.tex
LaTeX2e <2015/10/01> patch level 2
Babel <3.9n> and hyphenation patterns for 69 languages loaded.
(a0poster.cls
Document Class: a0poster 2004/01/31 v1.22b a0poster class (GK, MW)
("C:\Users\moris\AppData\Local\Programs\MiKTeX 2.9\tex\latex\base\article.cls"
Document Class: article 2014/09/29 v1.4h Standard LaTeX document class
("C:\Users\moris\AppData\Local\Programs\MiKTeX 2.9\tex\latex\base\size10.clo"
File: size10.clo 2014/09/29 v1.4h Standard LaTeX file (size option)
)
\c@part=\count79
\c@section=\count80
\c@subsection=\count81
\c@subsubsection=\count82
\c@paragraph=\count83
\c@subparagraph=\count84
\c@figure=\count85
\c@table=\count86
\abovecaptionskip=\skip41
\belowcaptionskip=\skip42
\bibindent=\dimen102
)
\xkoord=\count87
\ykoord=\count88
\xscale=\count89
\yscale=\count90
\tausch=\dimen103
\Ausgabe=\write3
\openout3 = `a0header.ps'.


("C:\Users\moris\AppData\Local\Programs\MiKTeX 2.9\tex\latex\a0poster\a0size.st
y"
File: a0size.sty 2004/01/31 v1.22b a0poster class (GK, MW)
LaTeX Font Info:    Redeclaring symbol font `largesymbols' on input line 229.
LaTeX Font Info:    Overwriting symbol font `largesymbols' in version `normal'
(Font)                  OMX/cmex/m/n --> OMX/cmex/m/n on input line 229.
LaTeX Font Info:    Overwriting symbol font `largesymbols' in version `bold'
(Font)                  OMX/cmex/m/n --> OMX/cmex/m/n on input line 229.
\big@size=\dimen104
))
("C:\Users\moris\AppData\Local\Programs\MiKTeX 2.9\tex\latex\psnfss\times.sty"
Package: times 2005/04/12 PSNFSS-v9.2a (SPQR) 
) ("C:\Users\moris\AppData\Local\Programs\MiKTeX 2.9\tex\latex\base\inputenc.st
y"
Package: inputenc 2015/03/17 v1.2c Input encoding file
\inpenc@prehook=\toks14
\inpenc@posthook=\toks15
 ("C:\Users\moris\AppData\Local\Programs\MiKTeX 2.9\tex\latex\base\latin1.def"
File: latin1.def 2015/03/17 v1.2c Input encoding file
)) ("C:\Users\moris\AppData\Local\Programs\MiKTeX 2.9\tex\latex\base\fontenc.st
y"
Package: fontenc 2005/09/27 v1.99g Standard LaTeX package
 ("C:\Users\moris\AppData\Local\Programs\MiKTeX 2.9\tex\latex\base\t1enc.def"
File: t1enc.def 2005/09/27 v1.99g Standard LaTeX file
LaTeX Font Info:    Redeclaring font encoding T1 on input line 48.
))
("C:\Users\moris\AppData\Local\Programs\MiKTeX 2.9\tex\generic\babel\babel.sty"
Package: babel 2016/01/08 3.9n The Babel package
*************************************
* Local config file bblopts.cfg used
*

("C:\Users\moris\AppData\Local\Programs\MiKTeX 2.9\tex\latex\00miktex\bblopts.c
fg"
File: bblopts.cfg 2006/07/31 v1.0 MiKTeX 'babel' configuration
)
("C:\Users\moris\AppData\Local\Programs\MiKTeX 2.9\tex\latex\babel-french\frenc
hb.ldf"
Language: frenchb 2016/01/01 v3.1k French support from the babel system

("C:\Users\moris\AppData\Local\Programs\MiKTeX 2.9\tex\generic\babel\babel.def"
File: babel.def 2016/01/08 3.9n Babel common definitions
\babel@savecnt=\count91
\U@D=\dimen105
)
\l@acadian = a dialect from \language\l@french 
\l@canadien = a dialect from \language\l@french 
\FBcolonskip=\skip43
\FBthinskip=\skip44
\FB@interchartokenstateORI=\count92
Package babel Info: Making : an active character on input line 372.
Package babel Info: Making ; an active character on input line 373.
Package babel Info: Making ! an active character on input line 374.
Package babel Info: Making ? an active character on input line 375.
\FBguillskip=\skip45
\FBguill@level=\count93
\FB@everypar=\toks16
\FB@Mht=\dimen106
\std@mcc=\count94
\dec@mcc=\count95
\listindentFB=\skip46
\labelwidthFB=\skip47
\leftmarginFB=\skip48
\parindentFFN=\dimen107
))
("C:\Users\moris\AppData\Local\Programs\MiKTeX 2.9\tex\latex\carlisle\scalefnt.
sty")
("C:\Users\moris\AppData\Local\Programs\MiKTeX 2.9\tex\latex\graphics\keyval.st
y"
Package: keyval 2014/10/28 v1.15 key=value parser (DPC)
\KV@toks@=\toks17
)
("C:\Users\moris\AppData\Local\Programs\MiKTeX 2.9\tex\latex\graphics\graphicx.
sty"
Package: graphicx 2014/10/28 v1.0g Enhanced LaTeX Graphics (DPC,SPQR)

("C:\Users\moris\AppData\Local\Programs\MiKTeX 2.9\tex\latex\graphics\graphics.
sty"
Package: graphics 2014/10/28 v1.0p Standard LaTeX Graphics (DPC,SPQR)

("C:\Users\moris\AppData\Local\Programs\MiKTeX 2.9\tex\latex\graphics\trig.sty"
Package: trig 1999/03/16 v1.09 sin cos tan (DPC)
)
("C:\Users\moris\AppData\Local\Programs\MiKTeX 2.9\tex\latex\00miktex\graphics.
cfg"
File: graphics.cfg 2007/01/18 v1.5 graphics configuration of teTeX/TeXLive
)
Package graphics Info: Driver file: dvips.def on input line 94.

("C:\Users\moris\AppData\Local\Programs\MiKTeX 2.9\tex\latex\graphics\dvips.def
"
File: dvips.def 2014/10/14 v3.0j Driver-dependent file (DPC,SPQR)
))
\Gin@req@height=\dimen108
\Gin@req@width=\dimen109
)
("C:\Users\moris\AppData\Local\Programs\MiKTeX 2.9\tex\latex\xcolor\xcolor.sty"
Package: xcolor 2007/01/21 v2.11 LaTeX color extensions (UK)
("C:\Users\moris\AppData\Local\Programs\MiKTeX 2.9\tex\latex\00miktex\color.cfg
"
File: color.cfg 2007/01/18 v1.5 color configuration of teTeX/TeXLive
)
Package xcolor Info: Package option `usenames' ignored on input line 216.
Package xcolor Info: Driver file: dvips.def on input line 225.
Package xcolor Info: Model `cmy' substituted by `cmy0' on input line 1337.
Package xcolor Info: Model `RGB' extended on input line 1353.
Package xcolor Info: Model `HTML' substituted by `rgb' on input line 1355.
Package xcolor Info: Model `Hsb' substituted by `hsb' on input line 1356.
Package xcolor Info: Model `tHsb' substituted by `hsb' on input line 1357.
Package xcolor Info: Model `HSB' substituted by `hsb' on input line 1358.
Package xcolor Info: Model `Gray' substituted by `gray' on input line 1359.
Package xcolor Info: Model `wave' substituted by `hsb' on input line 1360.
)
("C:\Users\moris\AppData\Local\Programs\MiKTeX 2.9\tex\latex\pstricks\pstricks.
sty"
Package: pstricks 2015/11/14 v0.62 LaTeX wrapper for `PSTricks' (RN,HV)

("C:\Users\moris\AppData\Local\Programs\MiKTeX 2.9\tex\generic\pstricks\base\ps
tricks.tex"
("C:\Users\moris\AppData\Local\Programs\MiKTeX 2.9\tex\generic\xkeyval\pst-xkey
.tex"
File: pst-xkey.tex 2005/11/25 v1.6 PSTricks specialization of xkeyval (HA)

("C:\Users\moris\AppData\Local\Programs\MiKTeX 2.9\tex\latex\xkeyval\xkeyval.st
y"
Package: xkeyval 2014/12/03 v2.7a package option processing (HA)

("C:\Users\moris\AppData\Local\Programs\MiKTeX 2.9\tex\generic\xkeyval\xkeyval.
tex"
("C:\Users\moris\AppData\Local\Programs\MiKTeX 2.9\tex\generic\xkeyval\xkvutils
.tex"
\XKV@toks=\toks18
\XKV@tempa@toks=\toks19
)
\XKV@depth=\count96
File: xkeyval.tex 2014/12/03 v2.7a key=value parser (HA)
)))
("C:\Users\moris\AppData\Local\Programs\MiKTeX 2.9\tex\generic\pstricks\base\ps
t-fp.tex" `pst-fp' v0.05, 2010/01/17 (hv)
\pstFP@xs=\count97
\pstFP@xia=\count98
\pstFP@xib=\count99
\pstFP@xfa=\count100
\pstFP@xfb=\count101
\pstFP@rega=\count102
\pstFP@regb=\count103
\pstFP@regs=\count104
\pstFP@times=\count105
)
("C:\Users\moris\AppData\Local\Programs\MiKTeX 2.9\tex\generic\pgf\utilities\pg
futil-common.tex"
\pgfutil@everybye=\toks20
\pgfutil@tempdima=\dimen110
\pgfutil@tempdimb=\dimen111

("C:\Users\moris\AppData\Local\Programs\MiKTeX 2.9\tex\generic\pgf\utilities\pg
futil-common-lists.tex"))
("C:\Users\moris\AppData\Local\Programs\MiKTeX 2.9\tex\generic\pgf\utilities\pg
fkeys.code.tex"
\pgfkeys@pathtoks=\toks21
\pgfkeys@temptoks=\toks22

("C:\Users\moris\AppData\Local\Programs\MiKTeX 2.9\tex\generic\pgf\utilities\pg
fkeysfiltered.code.tex"
\pgfkeys@tmptoks=\toks23
))
("C:\Users\moris\AppData\Local\Programs\MiKTeX 2.9\tex\generic\pgf\utilities\pg
ffor.code.tex"
("C:\Users\moris\AppData\Local\Programs\MiKTeX 2.9\tex\generic\pgf\math\pgfmath
.code.tex"
("C:\Users\moris\AppData\Local\Programs\MiKTeX 2.9\tex\generic\pgf\math\pgfmath
calc.code.tex"
("C:\Users\moris\AppData\Local\Programs\MiKTeX 2.9\tex\generic\pgf\math\pgfmath
util.code.tex"
\pgf@x=\dimen112
\pgf@xa=\dimen113
\pgf@xb=\dimen114
\pgf@xc=\dimen115
\pgf@y=\dimen116
\pgf@ya=\dimen117
\pgf@yb=\dimen118
\pgf@yc=\dimen119
\c@pgf@counta=\count106
\c@pgf@countb=\count107
\c@pgf@countc=\count108
\