This file contains any messages produced by compilers while
running configure, to aid debugging if configure makes a mistake.

It was created by ABySS configure 1.5.2, which was
generated by GNU Autoconf 2.69.  Invocation command line was

  $ ./configure 

## --------- ##
## Platform. ##
## --------- ##

hostname = sct-16-f5b8
uname -m = x86_64
uname -r = 4.4.0-45-generic
uname -s = Linux
uname -v = #66-Ubuntu SMP Wed Oct 19 14:12:37 UTC 2016

/usr/bin/uname -p = unknown
/bin/uname -X     = unknown

/bin/arch              = unknown
/usr/bin/arch -k       = unknown
/usr/convex/getsysinfo = unknown
/usr/bin/hostinfo      = unknown
/bin/machine           = unknown
/usr/bin/oslevel       = unknown
/bin/universe          = unknown

PATH: /usr/local/sbin
PATH: /usr/local/bin
PATH: /usr/sbin
PATH: /usr/bin
PATH: /sbin
PATH: /bin
PATH: /usr/games
PATH: /usr/local/games


## ----------- ##
## Core tests. ##
## ----------- ##

configure:2735: checking for a BSD-compatible install
configure:2803: result: /usr/bin/install -c
configure:2814: checking whether build environment is sane
configure:2869: result: yes
configure:3020: checking for a thread-safe mkdir -p
configure:3059: result: /bin/mkdir -p
configure:3066: checking for gawk
configure:3082: found /usr/bin/gawk
configure:3093: result: gawk
configure:3104: checking whether make sets $(MAKE)
configure:3126: result: yes
configure:3155: checking whether make supports nested variables
configure:3172: result: yes
configure:3306: checking for gawk
configure:3333: result: gawk
configure:3392: checking for gcc
configure:3408: found /usr/bin/gcc
configure:3419: result: gcc
configure:3648: checking for C compiler version
configure:3657: gcc --version >&5
gcc (Ubuntu 5.4.0-6ubuntu1~16.04.2) 5.4.0 20160609
Copyright (C) 2015 Free Software Foundation, Inc.
This is free software; see the source for copying conditions.  There is NO
warranty; not even for MERCHANTABILITY or FITNESS FOR A PARTICULAR PURPOSE.

configure:3668: $? = 0
configure:3657: gcc -v >&5
Using built-in specs.
COLLECT_GCC=gcc
COLLECT_LTO_WRAPPER=/usr/lib/gcc/x86_64-linux-gnu/5/lto-wrapper
Target: x86_64-linux-gnu
Configured with: ../src/configure -v --with-pkgversion='Ubuntu 5.4.0-6ubuntu1~16.04.2' --with-bugurl=file:///usr/share/doc/gcc-5/README.Bugs --enable-languages=c,ada,c++,java,go,d,fortran,objc,obj-c++ --prefix=/usr --program-suffix=-5 --enable-shared --enable-linker-build-id --libexecdir=/usr/lib --without-included-gettext --enable-threads=posix --libdir=/usr/lib --enable-nls --with-sysroot=/ --enable-clocale=gnu --enable-libstdcxx-debug --enable-libstdcxx-time=yes --with-default-libstdcxx-abi=new --enable-gnu-unique-object --disable-vtable-verify --enable-libmpx --enable-plugin --with-system-zlib --disable-browser-plugin --enable-java-awt=gtk --enable-gtk-cairo --with-java-home=/usr/lib/jvm/java-1.5.0-gcj-5-amd64/jre --enable-java-home --with-jvm-root-dir=/usr/lib/jvm/java-1.5.0-gcj-5-amd64 --with-jvm-jar-dir=/usr/lib/jvm-exports/java-1.5.0-gcj-5-amd64 --with-arch-directory=amd64 --with-ecj-jar=/usr/share/java/eclipse-ecj.jar --enable-objc-gc --enable-multiarch --disable-werror --with-arch-32=i686 --with-abi=m64 --with-multilib-list=m32,m64,mx32 --enable-multilib --with-tune=generic --enable-checking=release --build=x86_64-linux-gnu --host=x86_64-linux-gnu --target=x86_64-linux-gnu
Thread model: posix
gcc version 5.4.0 20160609 (Ubuntu 5.4.0-6ubuntu1~16.04.2) 
configure:3668: $? = 0
configure:3657: gcc -V >&5
gcc: error: unrecognized command line option '-V'
gcc: fatal error: no input files
compilation terminated.
configure:3668: $? = 1
configure:3657: gcc -qversion >&5
gcc: error: unrecognized command line option '-qversion'
gcc: fatal error: no input files
compilation terminated.
configure:3668: $? = 1
configure:3688: checking whether the C compiler works
configure:3710: gcc    conftest.c  >&5
configure:3714: $? = 0
configure:3762: result: yes
configure:3765: checking for C compiler default output file name
configure:3767: result: a.out
configure:3773: checking for suffix of executables
configure:3780: gcc -o conftest    conftest.c  >&5
configure:3784: $? = 0
configure:3806: result: 
configure:3828: checking whether we are cross compiling
configure:3836: gcc -o conftest    conftest.c  >&5
configure:3840: $? = 0
configure:3847: ./conftest
configure:3851: $? = 0
configure:3866: result: no
configure:3871: checking for suffix of object files
configure:3893: gcc -c   conftest.c >&5
configure:3897: $? = 0
configure:3918: result: o
configure:3922: checking whether we are using the GNU C compiler
configure:3941: gcc -c   conftest.c >&5
configure:3941: $? = 0
configure:3950: result: yes
configure:3959: checking whether gcc accepts -g
configure:3979: gcc -c -g  conftest.c >&5
configure:3979: $? = 0
configure:4020: result: yes
configure:4037: checking for gcc option to accept ISO C89
configure:4100: gcc  -c -g -O2  conftest.c >&5
configure:4100: $? = 0
configure:4113: result: none needed
configure:4138: checking whether gcc understands -c and -o together
configure:4160: gcc -c conftest.c -o conftest2.o
configure:4163: $? = 0
configure:4160: gcc -c conftest.c -o conftest2.o
configure:4163: $? = 0
configure:4175: result: yes
configure:4203: checking for style of include used by make
configure:4231: result: GNU
configure:4257: checking dependency style of gcc
configure:4368: result: gcc3
configure:4388: checking how to run the C preprocessor
configure:4419: gcc -E  conftest.c
configure:4419: $? = 0
configure:4433: gcc -E  conftest.c
conftest.c:11:28: fatal error: ac_nonexistent.h: No such file or directory
compilation terminated.
configure:4433: $? = 1
configure: failed program was:
| /* confdefs.h */
| #define PACKAGE_NAME "ABySS"
| #define PACKAGE_TARNAME "abyss"
| #define PACKAGE_VERSION "1.5.2"
| #define PACKAGE_STRING "ABySS 1.5.2"
| #define PACKAGE_BUGREPORT "abyss-users@bcgsc.ca"
| #define PACKAGE_URL "http://www.bcgsc.ca/platform/bioinfo/software/abyss"
| #define PACKAGE "abyss"
| #define VERSION "1.5.2"
| /* end confdefs.h.  */
| #include <ac_nonexistent.h>
configure:4458: result: gcc -E
configure:4478: gcc -E  conftest.c
configure:4478: $? = 0
configure:4492: gcc -E  conftest.c
conftest.c:11:28: fatal error: ac_nonexistent.h: No such file or directory
compilation terminated.
configure:4492: $? = 1
configure: failed program was:
| /* confdefs.h */
| #define PACKAGE_NAME "ABySS"
| #define PACKAGE_TARNAME "abyss"
| #define PACKAGE_VERSION "1.5.2"
| #define PACKAGE_STRING "ABySS 1.5.2"
| #define PACKAGE_BUGREPORT "abyss-users@bcgsc.ca"
| #define PACKAGE_URL "http://www.bcgsc.ca/platform/bioinfo/software/abyss"
| #define PACKAGE "abyss"
| #define VERSION "1.5.2"
| /* end confdefs.h.  */
| #include <ac_nonexistent.h>
configure:4578: checking for g++
configure:4608: result: no
configure:4578: checking for c++
configure:4608: result: no
configure:4578: checking for gpp
configure:4608: result: no
configure:4578: checking for aCC
configure:4608: result: no
configure:4578: checking for CC
configure:4608: result: no
configure:4578: checking for cxx
configure:4608: result: no
configure:4578: checking for cc++
configure:4608: result: no
configure:4578: checking for cl.exe
configure:4608: result: no
configure:4578: checking for FCC
configure:4608: result: no
configure:4578: checking for KCC
configure:4608: result: no
configure:4578: checking for RCC
configure:4608: result: no
configure:4578: checking for xlC_r
configure:4608: result: no
configure:4578: checking for xlC
configure:4608: result: no
configure:4632: checking for C++ compiler version
configure:4641: g++ --version >&5
./configure: line 4643: g++: command not found
configure:4652: $? = 127
configure:4641: g++ -v >&5
./configure: line 4643: g++: command not found
configure:4652: $? = 127
configure:4641: g++ -V >&5
./configure: line 4643: g++: command not found
configure:4652: $? = 127
configure:4641: g++ -qversion >&5
./configure: line 4643: g++: command not found
configure:4652: $? = 127
configure:4656: checking whether we are using the GNU C++ compiler
configure:4675: g++ -c   conftest.cpp >&5
./configure: line 1580: g++: command not found
configure:4675: $? = 127
configure: failed program was:
| /* confdefs.h */
| #define PACKAGE_NAME "ABySS"
| #define PACKAGE_TARNAME "abyss"
| #define PACKAGE_VERSION "1.5.2"
| #define PACKAGE_STRING "ABySS 1.5.2"
| #define PACKAGE_BUGREPORT "abyss-users@bcgsc.ca"
| #define PACKAGE_URL "http://www.bcgsc.ca/platform/bioinfo/software/abyss"
| #define PACKAGE "abyss"
| #define VERSION "1.5.2"
| /* end confdefs.h.  */
| 
| int
| main ()
| {
| #ifndef __GNUC__
|        choke me
| #endif
| 
|   ;
|   return 0;
| }
configure:4684: result: no
configure:4693: checking whether g++ accepts -g
configure:4713: g++ -c -g  conftest.cpp >&5
./configure: line 1580: g++: command not found
configure:4713: $? = 127
configure: failed program was:
| /* confdefs.h */
| #define PACKAGE_NAME "ABySS"
| #define PACKAGE_TARNAME "abyss"
| #define PACKAGE_VERSION "1.5.2"
| #define PACKAGE_STRING "ABySS 1.5.2"
| #define PACKAGE_BUGREPORT "abyss-users@bcgsc.ca"
| #define PACKAGE_URL "http://www.bcgsc.ca/platform/bioinfo/software/abyss"
| #define PACKAGE "abyss"
| #define VERSION "1.5.2"
| /* end confdefs.h.  */
| 
| int
| main ()
| {
| 
|   ;
|   return 0;
| }
configure:4728: g++ -c   conftest.cpp >&5
./configure: line 1580: g++: command not found
configure:4728: $? = 127
configure: failed program was:
| /* confdefs.h */
| #define PACKAGE_NAME "ABySS"
| #define PACKAGE_TARNAME "abyss"
| #define PACKAGE_VERSION "1.5.2"
| #define PACKAGE_STRING "ABySS 1.5.2"
| #define PACKAGE_BUGREPORT "abyss-users@bcgsc.ca"
| #define PACKAGE_URL "http://www.bcgsc.ca/platform/bioinfo/software/abyss"
| #define PACKAGE "abyss"
| #define VERSION "1.5.2"
| /* end confdefs.h.  */
| 
| int
| main ()
| {
| 
|   ;
|   return 0;
| }
configure:4744: g++ -c -g  conftest.cpp >&5
./configure: line 1580: g++: command not found
configure:4744: $? = 127
configure: failed program was:
| /* confdefs.h */
| #define PACKAGE_NAME "ABySS"
| #define PACKAGE_TARNAME "abyss"
| #define PACKAGE_VERSION "1.5.2"
| #define PACKAGE_STRING "ABySS 1.5.2"
| #define PACKAGE_BUGREPORT "abyss-users@bcgsc.ca"
| #define PACKAGE_URL "http://www.bcgsc.ca/platform/bioinfo/software/abyss"
| #define PACKAGE "abyss"
| #define VERSION "1.5.2"
| /* end confdefs.h.  */
| 
| int
| main ()
| {
| 
|   ;
|   return 0;
| }
configure:4754: result: no
configure:4779: checking dependency style of g++
configure:4890: result: none
configure:4949: checking for ranlib
configure:4965: found /usr/bin/ranlib
configure:4976: result: ranlib
configure:5041: checking for ghc
configure:5071: result: no
configure:5133: checking for ghc-pkg
configure:5163: result: no
configure:5194: checking for grep that handles long lines and -e
configure:5252: result: /bin/grep
configure:5257: checking for egrep
configure:5319: result: /bin/grep -E
configure:5324: checking for ANSI C header files
configure:5344: gcc -c -g -O2  conftest.c >&5
configure:5344: $? = 0
configure:5417: gcc -o conftest -g -O2   conftest.c  >&5
configure:5417: $? = 0
configure:5417: ./conftest
configure:5417: $? = 0
configure:5428: result: yes
configure:5441: checking for sys/types.h
configure:5441: gcc -c -g -O2  conftest.c >&5
configure:5441: $? = 0
configure:5441: result: yes
configure:5441: checking for sys/stat.h
configure:5441: gcc -c -g -O2  conftest.c >&5
configure:5441: $? = 0
configure:5441: result: yes
configure:5441: checking for stdlib.h
configure:5441: gcc -c -g -O2  conftest.c >&5
configure:5441: $? = 0
configure:5441: result: yes
configure:5441: checking for string.h
configure:5441: gcc -c -g -O2  conftest.c >&5
configure:5441: $? = 0
configure:5441: result: yes
configure:5441: checking for memory.h
configure:5441: gcc -c -g -O2  conftest.c >&5
configure:5441: $? = 0
configure:5441: result: yes
configure:5441: checking for strings.h
configure:5441: gcc -c -g -O2  conftest.c >&5
configure:5441: $? = 0
configure:5441: result: yes
configure:5441: checking for inttypes.h
configure:5441: gcc -c -g -O2  conftest.c >&5
configure:5441: $? = 0
configure:5441: result: yes
configure:5441: checking for stdint.h
configure:5441: gcc -c -g -O2  conftest.c >&5
configure:5441: $? = 0
configure:5441: result: yes
configure:5441: checking for unistd.h
configure:5441: gcc -c -g -O2  conftest.c >&5
configure:5441: $? = 0
configure:5441: result: yes
configure:5457: checking dlfcn.h usability
configure:5457: gcc -c -g -O2  conftest.c >&5
configure:5457: $? = 0
configure:5457: result: yes
configure:5457: checking dlfcn.h presence
configure:5457: gcc -E  conftest.c
configure:5457: $? = 0
configure:5457: result: yes
configure:5457: checking for dlfcn.h
configure:5457: result: yes
configure:5457: checking fcntl.h usability
configure:5457: gcc -c -g -O2  conftest.c >&5
configure:5457: $? = 0
configure:5457: result: yes
configure:5457: checking fcntl.h presence
configure:5457: gcc -E  conftest.c
configure:5457: $? = 0
configure:5457: result: yes
configure:5457: checking for fcntl.h
configure:5457: result: yes
configure:5457: checking float.h usability
configure:5457: gcc -c -g -O2  conftest.c >&5
configure:5457: $? = 0
configure:5457: result: yes
configure:5457: checking float.h presence
configure:5457: gcc -E  conftest.c
configure:5457: $? = 0
configure:5457: result: yes
configure:5457: checking for float.h
configure:5457: result: yes
configure:5457: checking limits.h usability
configure:5457: gcc -c -g -O2  conftest.c >&5
configure:5457: $? = 0
configure:5457: result: yes
configure:5457: checking limits.h presence
configure:5457: gcc -E  conftest.c
configure:5457: $? = 0
configure:5457: result: yes
configure:5457: checking for limits.h
configure:5457: result: yes
configure:5457: checking stddef.h usability
configure:5457: gcc -c -g -O2  conftest.c >&5
configure:5457: $? = 0
configure:5457: result: yes
configure:5457: checking stddef.h presence
configure:5457: gcc -E  conftest.c
configure:5457: $? = 0
configure:5457: result: yes
configure:5457: checking for stddef.h
configure:5457: result: yes
configure:5457: checking for stdint.h
configure:5457: result: yes
configure:5457: checking for stdlib.h
configure:5457: result: yes
configure:5457: checking sys/param.h usability
configure:5457: gcc -c -g -O2  conftest.c >&5
configure:5457: $? = 0
configure:5457: result: yes
configure:5457: checking sys/param.h presence
configure:5457: gcc -E  conftest.c
configure:5457: $? = 0
configure:5457: result: yes
configure:5457: checking for sys/param.h
configure:5457: result: yes
configure:5467: checking for stdbool.h that conforms to C99
configure:5534: gcc -c -g -O2  conftest.c >&5
configure:5534: $? = 0
configure:5541: result: yes
configure:5543: checking for _Bool
configure:5543: gcc -c -g -O2  conftest.c >&5
configure:5543: $? = 0
configure:5543: gcc -c -g -O2  conftest.c >&5
conftest.c: In function 'main':
conftest.c:65:20: error: expected expression before ')' token
 if (sizeof ((_Bool)))
                    ^
configure:5543: $? = 1
configure: failed program was:
| /* confdefs.h */
| #define PACKAGE_NAME "ABySS"
| #define PACKAGE_TARNAME "abyss"
| #define PACKAGE_VERSION "1.5.2"
| #define PACKAGE_STRING "ABySS 1.5.2"
| #define PACKAGE_BUGREPORT "abyss-users@bcgsc.ca"
| #define PACKAGE_URL "http://www.bcgsc.ca/platform/bioinfo/software/abyss"
| #define PACKAGE "abyss"
| #define VERSION "1.5.2"
| #define STDC_HEADERS 1
| #define HAVE_SYS_TYPES_H 1
| #define HAVE_SYS_STAT_H 1
| #define HAVE_STDLIB_H 1
| #define HAVE_STRING_H 1
| #define HAVE_MEMORY_H 1
| #define HAVE_STRINGS_H 1
| #define HAVE_INTTYPES_H 1
| #define HAVE_STDINT_H 1
| #define HAVE_UNISTD_H 1
| #define HAVE_DLFCN_H 1
| #define HAVE_FCNTL_H 1
| #define HAVE_FLOAT_H 1
| #define HAVE_LIMITS_H 1
| #define HAVE_STDDEF_H 1
| #define HAVE_STDINT_H 1
| #define HAVE_STDLIB_H 1
| #define HAVE_SYS_PARAM_H 1
| /* end confdefs.h.  */
| #include <stdio.h>
| #ifdef HAVE_SYS_TYPES_H
| # include <sys/types.h>
| #endif
| #ifdef HAVE_SYS_STAT_H
| # include <sys/stat.h>
| #endif
| #ifdef STDC_HEADERS
| # include <stdlib.h>
| # include <stddef.h>
| #else
| # ifdef HAVE_STDLIB_H
| #  include <stdlib.h>
| # endif
| #endif
| #ifdef HAVE_STRING_H
| # if !defined STDC_HEADERS && defined HAVE_MEMORY_H
| #  include <memory.h>
| # endif
| # include <string.h>
| #endif
| #ifdef HAVE_STRINGS_H
| # include <strings.h>
| #endif
| #ifdef HAVE_INTTYPES_H
| # include <inttypes.h>
| #endif
| #ifdef HAVE_STDINT_H
| # include <stdint.h>
| #endif
| #ifdef HAVE_UNISTD_H
| # include <unistd.h>
| #endif
| int
| main ()
| {
| if (sizeof ((_Bool)))
| 	    return 0;
|   ;
|   return 0;
| }
configure:5543: result: yes
configure:5560: checking for ANSI C header files
configure:5664: result: yes
configure:5674: checking whether byte ordering is bigendian
configure:5689: gcc -c -g -O2  conftest.c >&5
conftest.c:33:9: error: unknown type name 'not'
         not a universal capable compiler
         ^
conftest.c:33:15: error: expected '=', ',', ';', 'asm' or '__attribute__' before 'universal'
         not a universal capable compiler
               ^
conftest.c:33:15: error: unknown type name 'universal'
configure:5689: $? = 1
configure: failed program was:
| /* confdefs.h */
| #define PACKAGE_NAME "ABySS"
| #define PACKAGE_TARNAME "abyss"
| #define PACKAGE_VERSION "1.5.2"
| #define PACKAGE_STRING "ABySS 1.5.2"
| #define PACKAGE_BUGREPORT "abyss-users@bcgsc.ca"
| #define PACKAGE_URL "http://www.bcgsc.ca/platform/bioinfo/software/abyss"
| #define PACKAGE "abyss"
| #define VERSION "1.5.2"
| #define STDC_HEADERS 1
| #define HAVE_SYS_TYPES_H 1
| #define HAVE_SYS_STAT_H 1
| #define HAVE_STDLIB_H 1
| #define HAVE_STRING_H 1
| #define HAVE_MEMORY_H 1
| #define HAVE_STRINGS_H 1
| #define HAVE_INTTYPES_H 1
| #define HAVE_STDINT_H 1
| #define HAVE_UNISTD_H 1
| #define HAVE_DLFCN_H 1
| #define HAVE_FCNTL_H 1
| #define HAVE_FLOAT_H 1
| #define HAVE_LIMITS_H 1
| #define HAVE_STDDEF_H 1
| #define HAVE_STDINT_H 1
| #define HAVE_STDLIB_H 1
| #define HAVE_SYS_PARAM_H 1
| #define HAVE__BOOL 1
| #define HAVE_STDBOOL_H 1
| #define STDC_HEADERS 1
| /* end confdefs.h.  */
| #ifndef __APPLE_CC__
| 	       not a universal capable compiler
| 	     #endif
| 	     typedef int dummy;
| 
configure:5734: gcc -c -g -O2  conftest.c >&5
configure:5734: $? = 0
configure:5752: gcc -c -g -O2  conftest.c >&5
conftest.c: In function 'main':
conftest.c:39:4: error: unknown type name 'not'
    not big endian
    ^
conftest.c:39:12: error: expected '=', ',', ';', 'asm' or '__attribute__' before 'endian'
    not big endian
            ^
configure:5752: $? = 1
configure: failed program was:
| /* confdefs.h */
| #define PACKAGE_NAME "ABySS"
| #define PACKAGE_TARNAME "abyss"
| #define PACKAGE_VERSION "1.5.2"
| #define PACKAGE_STRING "ABySS 1.5.2"
| #define PACKAGE_BUGREPORT "abyss-users@bcgsc.ca"
| #define PACKAGE_URL "http://www.bcgsc.ca/platform/bioinfo/software/abyss"
| #define PACKAGE "abyss"
| #define VERSION "1.5.2"
| #define STDC_HEADERS 1
| #define HAVE_SYS_TYPES_H 1
| #define HAVE_SYS_STAT_H 1
| #define HAVE_STDLIB_H 1
| #define HAVE_STRING_H 1
| #define HAVE_MEMORY_H 1
| #define HAVE_STRINGS_H 1
| #define HAVE_INTTYPES_H 1
| #define HAVE_STDINT_H 1
| #define HAVE_UNISTD_H 1
| #define HAVE_DLFCN_H 1
| #define HAVE_FCNTL_H 1
| #define HAVE_FLOAT_H 1
| #define HAVE_LIMITS_H 1
| #define HAVE_STDDEF_H 1
| #define HAVE_STDINT_H 1
| #define HAVE_STDLIB_H 1
| #define HAVE_SYS_PARAM_H 1
| #define HAVE__BOOL 1
| #define HAVE_STDBOOL_H 1
| #define STDC_HEADERS 1
| /* end confdefs.h.  */
| #include <sys/types.h>
| 		#include <sys/param.h>
| 
| int
| main ()
| {
| #if BYTE_ORDER != BIG_ENDIAN
| 		 not big endian
| 		#endif
| 
|   ;
|   return 0;
| }
configure:5880: result: no
configure:5898: checking for an ANSI C-conforming const
configure:5964: gcc -c -g -O2  conftest.c >&5
configure:5964: $? = 0
configure:5971: result: yes
configure:5979: checking for inline
configure:5995: gcc -c -g -O2  conftest.c >&5
configure:5995: $? = 0
configure:6003: result: inline
configure:6021: checking for ptrdiff_t
configure:6021: gcc -c -g -O2  conftest.c >&5
configure:6021: $? = 0
configure:6021: gcc -c -g -O2  conftest.c >&5
conftest.c: In function 'main':
conftest.c:68:24: error: expected expression before ')' token
 if (sizeof ((ptrdiff_t)))
                        ^
configure:6021: $? = 1
configure: failed program was:
| /* confdefs.h */
| #define PACKAGE_NAME "ABySS"
| #define PACKAGE_TARNAME "abyss"
| #define PACKAGE_VERSION "1.5.2"
| #define PACKAGE_STRING "ABySS 1.5.2"
| #define PACKAGE_BUGREPORT "abyss-users@bcgsc.ca"
| #define PACKAGE_URL "http://www.bcgsc.ca/platform/bioinfo/software/abyss"
| #define PACKAGE "abyss"
| #define VERSION "1.5.2"
| #define STDC_HEADERS 1
| #define HAVE_SYS_TYPES_H 1
| #define HAVE_SYS_STAT_H 1
| #define HAVE_STDLIB_H 1
| #define HAVE_STRING_H 1
| #define HAVE_MEMORY_H 1
| #define HAVE_STRINGS_H 1
| #define HAVE_INTTYPES_H 1
| #define HAVE_STDINT_H 1
| #define HAVE_UNISTD_H 1
| #define HAVE_DLFCN_H 1
| #define HAVE_FCNTL_H 1
| #define HAVE_FLOAT_H 1
| #define HAVE_LIMITS_H 1
| #define HAVE_STDDEF_H 1
| #define HAVE_STDINT_H 1
| #define HAVE_STDLIB_H 1
| #define HAVE_SYS_PARAM_H 1
| #define HAVE__BOOL 1
| #define HAVE_STDBOOL_H 1
| #define STDC_HEADERS 1
| /* end confdefs.h.  */
| #include <stdio.h>
| #ifdef HAVE_SYS_TYPES_H
| # include <sys/types.h>
| #endif
| #ifdef HAVE_SYS_STAT_H
| # include <sys/stat.h>
| #endif
| #ifdef STDC_HEADERS
| # include <stdlib.h>
| # include <stddef.h>
| #else
| # ifdef HAVE_STDLIB_H
| #  include <stdlib.h>
| # endif
| #endif
| #ifdef HAVE_STRING_H
| # if !defined STDC_HEADERS && defined HAVE_MEMORY_H
| #  include <memory.h>
| # endif
| # include <string.h>
| #endif
| #ifdef HAVE_STRINGS_H
| # include <strings.h>
| #endif
| #ifdef HAVE_INTTYPES_H
| # include <inttypes.h>
| #endif
| #ifdef HAVE_STDINT_H
| # include <stdint.h>
| #endif
| #ifdef HAVE_UNISTD_H
| # include <unistd.h>
| #endif
| int
| main ()
| {
| if (sizeof ((ptrdiff_t)))
| 	    return 0;
|   ;
|   return 0;
| }
configure:6021: result: yes
configure:6031: checking for mode_t
configure:6031: gcc -c -g -O2  conftest.c >&5
configure:6031: $? = 0
configure:6031: gcc -c -g -O2  conftest.c >&5
conftest.c: In function 'main':
conftest.c:69:21: error: expected expression before ')' token
 if (sizeof ((mode_t)))
                     ^
configure:6031: $? = 1
configure: failed program was:
| /* confdefs.h */
| #define PACKAGE_NAME "ABySS"
| #define PACKAGE_TARNAME "abyss"
| #define PACKAGE_VERSION "1.5.2"
| #define PACKAGE_STRING "ABySS 1.5.2"
| #define PACKAGE_BUGREPORT "abyss-users@bcgsc.ca"
| #define PACKAGE_URL "http://www.bcgsc.ca/platform/bioinfo/software/abyss"
| #define PACKAGE "abyss"
| #define VERSION "1.5.2"
| #define STDC_HEADERS 1
| #define HAVE_SYS_TYPES_H 1
| #define HAVE_SYS_STAT_H 1
| #define HAVE_STDLIB_H 1
| #define HAVE_STRING_H 1
| #define HAVE_MEMORY_H 1
| #define HAVE_STRINGS_H 1
| #define HAVE_INTTYPES_H 1
| #define HAVE_STDINT_H 1
| #define HAVE_UNISTD_H 1
| #define HAVE_DLFCN_H 1
| #define HAVE_FCNTL_H 1
| #define HAVE_FLOAT_H 1
| #define HAVE_LIMITS_H 1
| #define HAVE_STDDEF_H 1
| #define HAVE_STDINT_H 1
| #define HAVE_STDLIB_H 1
| #define HAVE_SYS_PARAM_H 1
| #define HAVE__BOOL 1
| #define HAVE_STDBOOL_H 1
| #define STDC_HEADERS 1
| #define HAVE_PTRDIFF_T 1
| /* end confdefs.h.  */
| #include <stdio.h>
| #ifdef HAVE_SYS_TYPES_H
| # include <sys/types.h>
| #endif
| #ifdef HAVE_SYS_STAT_H
| # include <sys/stat.h>
| #endif
| #ifdef STDC_HEADERS
| # include <stdlib.h>
| # include <stddef.h>
| #else
| # ifdef HAVE_STDLIB_H
| #  include <stdlib.h>
| # endif
| #endif
| #ifdef HAVE_STRING_H
| # if !defined STDC_HEADERS && defined HAVE_MEMORY_H
| #  include <memory.h>
| # endif
| # include <string.h>
| #endif
| #ifdef HAVE_STRINGS_H
| # include <strings.h>
| #endif
| #ifdef HAVE_INTTYPES_H
| # include <inttypes.h>
| #endif
| #ifdef HAVE_STDINT_H
| # include <stdint.h>
| #endif
| #ifdef HAVE_UNISTD_H
| # include <unistd.h>
| #endif
| int
| main ()
| {
| if (sizeof ((mode_t)))
| 	    return 0;
|   ;
|   return 0;
| }
configure:6031: result: yes
configure:6042: checking for pid_t
configure:6042: gcc -c -g -O2  conftest.c >&5
configure:6042: $? = 0
configure:6042: gcc -c -g -O2  conftest.c >&5
conftest.c: In function 'main':
conftest.c:69:20: error: expected expression before ')' token
 if (sizeof ((pid_t)))
                    ^
configure:6042: $? = 1
configure: failed program was:
| /* confdefs.h */
| #define PACKAGE_NAME "ABySS"
| #define PACKAGE_TARNAME "abyss"
| #define PACKAGE_VERSION "1.5.2"
| #define PACKAGE_STRING "ABySS 1.5.2"
| #define PACKAGE_BUGREPORT "abyss-users@bcgsc.ca"
| #define PACKAGE_URL "http://www.bcgsc.ca/platform/bioinfo/software/abyss"
| #define PACKAGE "abyss"
| #define VERSION "1.5.2"
| #define STDC_HEADERS 1
| #define HAVE_SYS_TYPES_H 1
| #define HAVE_SYS_STAT_H 1
| #define HAVE_STDLIB_H 1
| #define HAVE_STRING_H 1
| #define HAVE_MEMORY_H 1
| #define HAVE_STRINGS_H 1
| #define HAVE_INTTYPES_H 1
| #define HAVE_STDINT_H 1
| #define HAVE_UNISTD_H 1
| #define HAVE_DLFCN_H 1
| #define HAVE_FCNTL_H 1
| #define HAVE_FLOAT_H 1
| #define HAVE_LIMITS_H 1
| #define HAVE_STDDEF_H 1
| #define HAVE_STDINT_H 1
| #define HAVE_STDLIB_H 1
| #define HAVE_SYS_PARAM_H 1
| #define HAVE__BOOL 1
| #define HAVE_STDBOOL_H 1
| #define STDC_HEADERS 1
| #define HAVE_PTRDIFF_T 1
| /* end confdefs.h.  */
| #include <stdio.h>
| #ifdef HAVE_SYS_TYPES_H
| # include <sys/types.h>
| #endif
| #ifdef HAVE_SYS_STAT_H
| # include <sys/stat.h>
| #endif
| #ifdef STDC_HEADERS
| # include <stdlib.h>
| # include <stddef.h>
| #else
| # ifdef HAVE_STDLIB_H
| #  include <stdlib.h>
| # endif
| #endif
| #ifdef HAVE_STRING_H
| # if !defined STDC_HEADERS && defined HAVE_MEMORY_H
| #  include <memory.h>
| # endif
| # include <string.h>
| #endif
| #ifdef HAVE_STRINGS_H
| # include <strings.h>
| #endif
| #ifdef HAVE_INTTYPES_H
| # include <inttypes.h>
| #endif
| #ifdef HAVE_STDINT_H
| # include <stdint.h>
| #endif
| #ifdef HAVE_UNISTD_H
| # include <unistd.h>
| #endif
| int
| main ()
| {
| if (sizeof ((pid_t)))
| 	    return 0;
|   ;
|   return 0;
| }
configure:6042: result: yes
configure:6053: checking for size_t
configure:6053: gcc -c -g -O2  conftest.c >&5
configure:6053: $? = 0
configure:6053: gcc -c -g -O2  conftest.c >&5
conftest.c: In function 'main':
conftest.c:69:21: error: expected expression before ')' token
 if (sizeof ((size_t)))
                     ^
configure:6053: $? = 1
configure: failed program was:
| /* confdefs.h */
| #define PACKAGE_NAME "ABySS"
| #define PACKAGE_TARNAME "abyss"
| #define PACKAGE_VERSION "1.5.2"
| #define PACKAGE_STRING "ABySS 1.5.2"
| #define PACKAGE_BUGREPORT "abyss-users@bcgsc.ca"
| #define PACKAGE_URL "http://www.bcgsc.ca/platform/bioinfo/software/abyss"
| #define PACKAGE "abyss"
| #define VERSION "1.5.2"
| #define STDC_HEADERS 1
| #define HAVE_SYS_TYPES_H 1
| #define HAVE_SYS_STAT_H 1
| #define HAVE_STDLIB_H 1
| #define HAVE_STRING_H 1
| #define HAVE_MEMORY_H 1
| #define HAVE_STRINGS_H 1
| #define HAVE_INTTYPES_H 1
| #define HAVE_STDINT_H 1
| #define HAVE_UNISTD_H 1
| #define HAVE_DLFCN_H 1
| #define HAVE_FCNTL_H 1
| #define HAVE_FLOAT_H 1
| #define HAVE_LIMITS_H 1
| #define HAVE_STDDEF_H 1
| #define HAVE_STDINT_H 1
| #define HAVE_STDLIB_H 1
| #define HAVE_SYS_PARAM_H 1
| #define HAVE__BOOL 1
| #define HAVE_STDBOOL_H 1
| #define STDC_HEADERS 1
| #define HAVE_PTRDIFF_T 1
| /* end confdefs.h.  */
| #include <stdio.h>
| #ifdef HAVE_SYS_TYPES_H
| # include <sys/types.h>
| #endif
| #ifdef HAVE_SYS_STAT_H
| # include <sys/stat.h>
| #endif
| #ifdef STDC_HEADERS
| # include <stdlib.h>
| # include <stddef.h>
| #else
| # ifdef HAVE_STDLIB_H
| #  include <stdlib.h>
| # endif
| #endif
| #ifdef HAVE_STRING_H
| # if !defined STDC_HEADERS && defined HAVE_MEMORY_H
| #  include <memory.h>
| # endif
| # include <string.h>
| #endif
| #ifdef HAVE_STRINGS_H
| # include <strings.h>
| #endif
| #ifdef HAVE_INTTYPES_H
| # include <inttypes.h>
| #endif
| #ifdef HAVE_STDINT_H
| # include <stdint.h>
| #endif
| #ifdef HAVE_UNISTD_H
| # include <unistd.h>
| #endif
| int
| main ()
| {
| if (sizeof ((size_t)))
| 	    return 0;
|   ;
|   return 0;
| }
configure:6053: result: yes
configure:6064: checking for ssize_t
configure:6064: gcc -c -g -O2  conftest.c >&5
configure:6064: $? = 0
configure:6064: gcc -c -g -O2  conftest.c >&5
conftest.c: In function 'main':
conftest.c:69:22: error: expected expression before ')' token
 if (sizeof ((ssize_t)))
                      ^
configure:6064: $? = 1
configure: failed program was:
| /* confdefs.h */
| #define PACKAGE_NAME "ABySS"
| #define PACKAGE_TARNAME "abyss"
| #define PACKAGE_VERSION "1.5.2"
| #define PACKAGE_STRING "ABySS 1.5.2"
| #define PACKAGE_BUGREPORT "abyss-users@bcgsc.ca"
| #define PACKAGE_URL "http://www.bcgsc.ca/platform/bioinfo/software/abyss"
| #define PACKAGE "abyss"
| #define VERSION "1.5.2"
| #define STDC_HEADERS 1
| #define HAVE_SYS_TYPES_H 1
| #define HAVE_SYS_STAT_H 1
| #define HAVE_STDLIB_H 1
| #define HAVE_STRING_H 1
| #define HAVE_MEMORY_H 1
| #define HAVE_STRINGS_H 1
| #define HAVE_INTTYPES_H 1
| #define HAVE_STDINT_H 1
| #define HAVE_UNISTD_H 1
| #define HAVE_DLFCN_H 1
| #define HAVE_FCNTL_H 1
| #define HAVE_FLOAT_H 1
| #define HAVE_LIMITS_H 1
| #define HAVE_STDDEF_H 1
| #define HAVE_STDINT_H 1
| #define HAVE_STDLIB_H 1
| #define HAVE_SYS_PARAM_H 1
| #define HAVE__BOOL 1
| #define HAVE_STDBOOL_H 1
| #define STDC_HEADERS 1
| #define HAVE_PTRDIFF_T 1
| /* end confdefs.h.  */
| #include <stdio.h>
| #ifdef HAVE_SYS_TYPES_H
| # include <sys/types.h>
| #endif
| #ifdef HAVE_SYS_STAT_H
| # include <sys/stat.h>
| #endif
| #ifdef STDC_HEADERS
| # include <stdlib.h>
| # include <stddef.h>
| #else
| # ifdef HAVE_STDLIB_H
| #  include <stdlib.h>
| # endif
| #endif
| #ifdef HAVE_STRING_H
| # if !defined STDC_HEADERS && defined HAVE_MEMORY_H
| #  include <memory.h>
| # endif
| # include <string.h>
| #endif
| #ifdef HAVE_STRINGS_H
| # include <strings.h>
| #endif
| #ifdef HAVE_INTTYPES_H
| # include <inttypes.h>
| #endif
| #ifdef HAVE_STDINT_H
| # include <stdint.h>
| #endif
| #ifdef HAVE_UNISTD_H
| # include <unistd.h>
| #endif
| int
| main ()
| {
| if (sizeof ((ssize_t)))
| 	    return 0;
|   ;
|   return 0;
| }
configure:6064: result: yes
configure:6075: checking for int64_t
configure:6075: gcc -c -g -O2  conftest.c >&5
configure:6075: $? = 0
configure:6075: gcc -c -g -O2  conftest.c >&5
conftest.c: In function 'main':
conftest.c:71:53: warning: integer overflow in expression [-Woverflow]
    < (int64_t) (((((int64_t) 1 << N) << N) - 1) * 2 + 2))];
                                                     ^
conftest.c:70:12: error: storage size of 'test_array' isn't constant
 static int test_array [1 - 2 * !((int64_t) (((((int64_t) 1 << N) << N) - 1) * 2 + 1)
            ^
configure:6075: $? = 1
configure: failed program was:
| /* confdefs.h */
| #define PACKAGE_NAME "ABySS"
| #define PACKAGE_TARNAME "abyss"
| #define PACKAGE_VERSION "1.5.2"
| #define PACKAGE_STRING "ABySS 1.5.2"
| #define PACKAGE_BUGREPORT "abyss-users@bcgsc.ca"
| #define PACKAGE_URL "http://www.bcgsc.ca/platform/bioinfo/software/abyss"
| #define PACKAGE "abyss"
| #define VERSION "1.5.2"
| #define STDC_HEADERS 1
| #define HAVE_SYS_TYPES_H 1
| #define HAVE_SYS_STAT_H 1
| #define HAVE_STDLIB_H 1
| #define HAVE_STRING_H 1
| #define HAVE_MEMORY_H 1
| #define HAVE_STRINGS_H 1
| #define HAVE_INTTYPES_H 1
| #define HAVE_STDINT_H 1
| #define HAVE_UNISTD_H 1
| #define HAVE_DLFCN_H 1
| #define HAVE_FCNTL_H 1
| #define HAVE_FLOAT_H 1
| #define HAVE_LIMITS_H 1
| #define HAVE_STDDEF_H 1
| #define HAVE_STDINT_H 1
| #define HAVE_STDLIB_H 1
| #define HAVE_SYS_PARAM_H 1
| #define HAVE__BOOL 1
| #define HAVE_STDBOOL_H 1
| #define STDC_HEADERS 1
| #define HAVE_PTRDIFF_T 1
| /* end confdefs.h.  */
| #include <stdio.h>
| #ifdef HAVE_SYS_TYPES_H
| # include <sys/types.h>
| #endif
| #ifdef HAVE_SYS_STAT_H
| # include <sys/stat.h>
| #endif
| #ifdef STDC_HEADERS
| # include <stdlib.h>
| # include <stddef.h>
| #else
| # ifdef HAVE_STDLIB_H
| #  include <stdlib.h>
| # endif
| #endif
| #ifdef HAVE_STRING_H
| # if !defined STDC_HEADERS && defined HAVE_MEMORY_H
| #  include <memory.h>
| # endif
| # include <string.h>
| #endif
| #ifdef HAVE_STRINGS_H
| # include <strings.h>
| #endif
| #ifdef HAVE_INTTYPES_H
| # include <inttypes.h>
| #endif
| #ifdef HAVE_STDINT_H
| # include <stdint.h>
| #endif
| #ifdef HAVE_UNISTD_H
| # include <unistd.h>
| #endif
| 	        enum { N = 64 / 2 - 1 };
| int
| main ()
| {
| static int test_array [1 - 2 * !((int64_t) (((((int64_t) 1 << N) << N) - 1) * 2 + 1)
| 		 < (int64_t) (((((int64_t) 1 << N) << N) - 1) * 2 + 2))];
| test_array [0] = 0;
| return test_array [0];
| 
|   ;
|   return 0;
| }
configure:6075: result: yes
configure:6086: checking for uint8_t
configure:6086: gcc -c -g -O2  conftest.c >&5
configure:6086: $? = 0
configure:6086: result: yes
configure:6100: checking for uint16_t
configure:6100: gcc -c -g -O2  conftest.c >&5
configure:6100: $? = 0
configure:6100: result: yes
configure:6112: checking for uint32_t
configure:6112: gcc -c -g -O2  conftest.c >&5
configure:6112: $? = 0
configure:6112: result: yes
configure:6126: checking for uint64_t
configure:6126: gcc -c -g -O2  conftest.c >&5
configure:6126: $? = 0
configure:6126: result: yes
configure:6150: checking for std::hash<int>
configure:6150: g++ -c   conftest.cpp >&5
./configure: line 1580: g++: command not found
configure:6150: $? = 127
configure: failed program was:
| /* confdefs.h */
| #define PACKAGE_NAME "ABySS"
| #define PACKAGE_TARNAME "abyss"
| #define PACKAGE_VERSION "1.5.2"
| #define PACKAGE_STRING "ABySS 1.5.2"
| #define PACKAGE_BUGREPORT "abyss-users@bcgsc.ca"
| #define PACKAGE_URL "http://www.bcgsc.ca/platform/bioinfo/software/abyss"
| #define PACKAGE "abyss"
| #define VERSION "1.5.2"
| #define STDC_HEADERS 1
| #define HAVE_SYS_TYPES_H 1
| #define HAVE_SYS_STAT_H 1
| #define HAVE_STDLIB_H 1
| #define HAVE_STRING_H 1
| #define HAVE_MEMORY_H 1
| #define HAVE_STRINGS_H 1
| #define HAVE_INTTYPES_H 1
| #define HAVE_STDINT_H 1
| #define HAVE_UNISTD_H 1
| #define HAVE_DLFCN_H 1
| #define HAVE_FCNTL_H 1
| #define HAVE_FLOAT_H 1
| #define HAVE_LIMITS_H 1
| #define HAVE_STDDEF_H 1
| #define HAVE_STDINT_H 1
| #define HAVE_STDLIB_H 1
| #define HAVE_SYS_PARAM_H 1
| #define HAVE__BOOL 1
| #define HAVE_STDBOOL_H 1
| #define STDC_HEADERS 1
| #define HAVE_PTRDIFF_T 1
| /* end confdefs.h.  */
| 
| #ifdef __FUJITSU
| #include <string>
| #else
| #include <functional>
| #endif
| 
| int
| main ()
| {
| if (sizeof (std::hash<int>))
| 	 return 0;
|   ;
|   return 0;
| }
configure:6150: result: no
configure:6164: checking for std::tr1::hash<int>
configure:6164: g++ -c   conftest.cpp >&5
./configure: line 1580: g++: command not found
configure:6164: $? = 127
configure: failed program was:
| /* confdefs.h */
| #define PACKAGE_NAME "ABySS"
| #define PACKAGE_TARNAME "abyss"
| #define PACKAGE_VERSION "1.5.2"
| #define PACKAGE_STRING "ABySS 1.5.2"
| #define PACKAGE_BUGREPORT "abyss-users@bcgsc.ca"
| #define PACKAGE_URL "http://www.bcgsc.ca/platform/bioinfo/software/abyss"
| #define PACKAGE "abyss"
| #define VERSION "1.5.2"
| #define STDC_HEADERS 1
| #define HAVE_SYS_TYPES_H 1
| #define HAVE_SYS_STAT_H 1
| #define HAVE_STDLIB_H 1
| #define HAVE_STRING_H 1
| #define HAVE_MEMORY_H 1
| #define HAVE_STRINGS_H 1
| #define HAVE_INTTYPES_H 1
| #define HAVE_STDINT_H 1
| #define HAVE_UNISTD_H 1
| #define HAVE_DLFCN_H 1
| #define HAVE_FCNTL_H 1
| #define HAVE_FLOAT_H 1
| #define HAVE_LIMITS_H 1
| #define HAVE_STDDEF_H 1
| #define HAVE_STDINT_H 1
| #define HAVE_STDLIB_H 1
| #define HAVE_SYS_PARAM_H 1
| #define HAVE__BOOL 1
| #define HAVE_STDBOOL_H 1
| #define STDC_HEADERS 1
| #define HAVE_PTRDIFF_T 1
| /* end confdefs.h.  */
| #include <tr1/functional>
| 
| int
| main ()
| {
| if (sizeof (std::tr1::hash<int>))
| 	 return 0;
|   ;
|   return 0;
| }
configure:6164: result: no
configure:6184: checking for dup2
configure:6184: gcc -o conftest -g -O2   conftest.c  >&5
configure:6184: $? = 0
configure:6184: result: yes
configure:6184: checking for gethostname
configure:6184: gcc -o conftest -g -O2   conftest.c  >&5
configure:6184: $? = 0
configure:6184: result: yes
configure:6184: checking for getopt_long
configure:6184: gcc -o conftest -g -O2   conftest.c  >&5
configure:6184: $? = 0
configure:6184: result: yes
configure:6184: checking for getpagesize
configure:6184: gcc -o conftest -g -O2   conftest.c  >&5
configure:6184: $? = 0
configure:6184: result: yes
configure:6184: checking for memset
configure:6184: gcc -o conftest -g -O2   conftest.c  >&5
conftest.c:60:6: warning: conflicting types for built-in function 'memset'
 char memset ();
      ^
configure:6184: $? = 0
configure:6184: result: yes
configure:6184: checking for strdup
configure:6184: gcc -o conftest -g -O2   conftest.c  >&5
conftest.c:61:6: warning: conflicting types for built-in function 'strdup'
 char strdup ();
      ^
configure:6184: $? = 0
configure:6184: result: yes
configure:6184: checking for strerror
configure:6184: gcc -o conftest -g -O2   conftest.c  >&5
configure:6184: $? = 0
configure:6184: result: yes
configure:6184: checking for strtoul
configure:6184: gcc -o conftest -g -O2   conftest.c  >&5
configure:6184: $? = 0
configure:6184: result: yes
configure:6195: checking vfork.h usability
configure:6195: gcc -c -g -O2  conftest.c >&5
conftest.c:74:19: fatal error: vfork.h: No such file or directory
compilation terminated.
configure:6195: $? = 1
configure: failed program was:
| /* confdefs.h */
| #define PACKAGE_NAME "ABySS"
| #define PACKAGE_TARNAME "abyss"
| #define PACKAGE_VERSION "1.5.2"
| #define PACKAGE_STRING "ABySS 1.5.2"
| #define PACKAGE_BUGREPORT "abyss-users@bcgsc.ca"
| #define PACKAGE_URL "http://www.bcgsc.ca/platform/bioinfo/software/abyss"
| #define PACKAGE "abyss"
| #define VERSION "1.5.2"
| #define STDC_HEADERS 1
| #define HAVE_SYS_TYPES_H 1
| #define HAVE_SYS_STAT_H 1
| #define HAVE_STDLIB_H 1
| #define HAVE_STRING_H 1
| #define HAVE_MEMORY_H 1
| #define HAVE_STRINGS_H 1
| #define HAVE_INTTYPES_H 1
| #define HAVE_STDINT_H 1
| #define HAVE_UNISTD_H 1
| #define HAVE_DLFCN_H 1
| #define HAVE_FCNTL_H 1
| #define HAVE_FLOAT_H 1
| #define HAVE_LIMITS_H 1
| #define HAVE_STDDEF_H 1
| #define HAVE_STDINT_H 1
| #define HAVE_STDLIB_H 1
| #define HAVE_SYS_PARAM_H 1
| #define HAVE__BOOL 1
| #define HAVE_STDBOOL_H 1
| #define STDC_HEADERS 1
| #define HAVE_PTRDIFF_T 1
| #define HAVE_DUP2 1
| #define HAVE_GETHOSTNAME 1
| #define HAVE_GETOPT_LONG 1
| #define HAVE_GETPAGESIZE 1
| #define HAVE_MEMSET 1
| #define HAVE_STRDUP 1
| #define HAVE_STRERROR 1
| #define HAVE_STRTOUL 1
| /* end confdefs.h.  */
| #include <stdio.h>
| #ifdef HAVE_SYS_TYPES_H
| # include <sys/types.h>
| #endif
| #ifdef HAVE_SYS_STAT_H
| # include <sys/stat.h>
| #endif
| #ifdef STDC_HEADERS
| # include <stdlib.h>
| # include <stddef.h>
| #else
| # ifdef HAVE_STDLIB_H
| #  include <stdlib.h>
| # endif
| #endif
| #ifdef HAVE_STRING_H
| # if !defined STDC_HEADERS && defined HAVE_MEMORY_H
| #  include <memory.h>
| # endif
| # include <string.h>
| #endif
| #ifdef HAVE_STRINGS_H
| # include <strings.h>
| #endif
| #ifdef HAVE_INTTYPES_H
| # include <inttypes.h>
| #endif
| #ifdef HAVE_STDINT_H
| # include <stdint.h>
| #endif
| #ifdef HAVE_UNISTD_H
| # include <unistd.h>
| #endif
| #include <vfork.h>
configure:6195: result: no
configure:6195: checking vfork.h presence
configure:6195: gcc -E  conftest.c
conftest.c:41:19: fatal error: vfork.h: No such file or directory
compilation terminated.
configure:6195: $? = 1
configure: failed program was:
| /* confdefs.h */
| #define PACKAGE_NAME "ABySS"
| #define PACKAGE_TARNAME "abyss"
| #define PACKAGE_VERSION "1.5.2"
| #define PACKAGE_STRING "ABySS 1.5.2"
| #define PACKAGE_BUGREPORT "abyss-users@bcgsc.ca"
| #define PACKAGE_URL "http://www.bcgsc.ca/platform/bioinfo/software/abyss"
| #define PACKAGE "abyss"
| #define VERSION "1.5.2"
| #define STDC_HEADERS 1
| #define HAVE_SYS_TYPES_H 1
| #define HAVE_SYS_STAT_H 1
| #define HAVE_STDLIB_H 1
| #define HAVE_STRING_H 1
| #define HAVE_MEMORY_H 1
| #define HAVE_STRINGS_H 1
| #define HAVE_INTTYPES_H 1
| #define HAVE_STDINT_H 1
| #define HAVE_UNISTD_H 1
| #define HAVE_DLFCN_H 1
| #define HAVE_FCNTL_H 1
| #define HAVE_FLOAT_H 1
| #define HAVE_LIMITS_H 1
| #define HAVE_STDDEF_H 1
| #define HAVE_STDINT_H 1
| #define HAVE_STDLIB_H 1
| #define HAVE_SYS_PARAM_H 1
| #define HAVE__BOOL 1
| #define HAVE_STDBOOL_H 1
| #define STDC_HEADERS 1
| #define HAVE_PTRDIFF_T 1
| #define HAVE_DUP2 1
| #define HAVE_GETHOSTNAME 1
| #define HAVE_GETOPT_LONG 1
| #define HAVE_GETPAGESIZE 1
| #define HAVE_MEMSET 1
| #define HAVE_STRDUP 1
| #define HAVE_STRERROR 1
| #define HAVE_STRTOUL 1
| /* end confdefs.h.  */
| #include <vfork.h>
configure:6195: result: no
configure:6195: checking for vfork.h
configure:6195: result: no
configure:6208: checking for fork
configure:6208: gcc -o conftest -g -O2   conftest.c  >&5
conftest.c:64:6: warning: conflicting types for built-in function 'fork'
 char fork ();
      ^
configure:6208: $? = 0
configure:6208: result: yes
configure:6208: checking for vfork
configure:6208: gcc -o conftest -g -O2   conftest.c  >&5
configure:6208: $? = 0
configure:6208: result: yes
configure:6218: checking for working fork
configure:6240: gcc -o conftest -g -O2   conftest.c  >&5
configure:6240: $? = 0
configure:6240: ./conftest
configure:6240: $? = 0
configure:6250: result: yes
configure:6271: checking for working vfork
configure:6381: result: yes
configure:6408: checking for stdlib.h
configure:6408: result: yes
configure:6418: checking for GNU libc compatible malloc
configure:6442: gcc -o conftest -g -O2   conftest.c  >&5
configure:6442: $? = 0
configure:6442: ./conftest
configure:6442: $? = 0
configure:6452: result: yes
configure:6473: checking for working memcmp
configure:6516: gcc -o conftest -g -O2   conftest.c  >&5
configure:6516: $? = 0
configure:6516: ./conftest
configure:6516: $? = 0
configure:6526: result: yes
configure:6537: checking for stdlib.h
configure:6537: result: yes
configure:6547: checking for GNU libc compatible realloc
configure:6571: gcc -o conftest -g -O2   conftest.c  >&5
configure:6571: $? = 0
configure:6571: ./conftest
configure:6571: $? = 0
configure:6581: result: yes
configure:6611: checking for vprintf
configure:6611: gcc -o conftest -g -O2   conftest.c  >&5
conftest.c:72:6: warning: conflicting types for built-in function 'vprintf'
 char vprintf ();
      ^
configure:6611: $? = 0
configure:6611: result: yes
configure:6617: checking for _doprnt
configure:6617: gcc -o conftest -g -O2   conftest.c  >&5
/tmp/ccSCTA27.o: In function `main':
/home/morispi1/Cours/PhD/Guided Assembly/abyss-1.5.2/conftest.c:84: undefined reference to `_doprnt'
collect2: error: ld returned 1 exit status
configure:6617: $? = 1
configure: failed program was:
| /* confdefs.h */
| #define PACKAGE_NAME "ABySS"
| #define PACKAGE_TARNAME "abyss"
| #define PACKAGE_VERSION "1.5.2"
| #define PACKAGE_STRING "ABySS 1.5.2"
| #define PACKAGE_BUGREPORT "abyss-users@bcgsc.ca"
| #define PACKAGE_URL "http://www.bcgsc.ca/platform/bioinfo/software/abyss"
| #define PACKAGE "abyss"
| #define VERSION "1.5.2"
| #define STDC_HEADERS 1
| #define HAVE_SYS_TYPES_H 1
| #define HAVE_SYS_STAT_H 1
| #define HAVE_STDLIB_H 1
| #define HAVE_STRING_H 1
| #define HAVE_MEMORY_H 1
| #define HAVE_STRINGS_H 1
| #define HAVE_INTTYPES_H 1
| #define HAVE_STDINT_H 1
| #define HAVE_UNISTD_H 1
| #define HAVE_DLFCN_H 1
| #define HAVE_FCNTL_H 1
| #define HAVE_FLOAT_H 1
| #define HAVE_LIMITS_H 1
| #define HAVE_STDDEF_H 1
| #define HAVE_STDINT_H 1
| #define HAVE_STDLIB_H 1
| #define HAVE_SYS_PARAM_H 1
| #define HAVE__BOOL 1
| #define HAVE_STDBOOL_H 1
| #define STDC_HEADERS 1
| #define HAVE_PTRDIFF_T 1
| #define HAVE_DUP2 1
| #define HAVE_GETHOSTNAME 1
| #define HAVE_GETOPT_LONG 1
| #define HAVE_GETPAGESIZE 1
| #define HAVE_MEMSET 1
| #define HAVE_STRDUP 1
| #define HAVE_STRERROR 1
| #define HAVE_STRTOUL 1
| #define HAVE_FORK 1
| #define HAVE_VFORK 1
| #define HAVE_WORKING_VFORK 1
| #define HAVE_WORKING_FORK 1
| #define HAVE_STDLIB_H 1
| #define HAVE_MALLOC 1
| #define HAVE_STDLIB_H 1
| #define HAVE_REALLOC 1
| #define HAVE_VPRINTF 1
| /* end confdefs.h.  */
| /* Define _doprnt to an innocuous variant, in case <limits.h> declares _doprnt.
|    For example, HP-UX 11i <limits.h> declares gettimeofday.  */
| #define _doprnt innocuous__doprnt
| 
| /* System header to define __stub macros and hopefully few prototypes,
|     which can conflict with char _doprnt (); below.
|     Prefer <limits.h> to <assert.h> if __STDC__ is defined, since
|     <limits.h> exists even on freestanding compilers.  */
| 
| #ifdef __STDC__
| # include <limits.h>
| #else
| # include <assert.h>
| #endif
| 
| #undef _doprnt
| 
| /* Override any GCC internal prototype to avoid an error.
|    Use char because int might match the return type of a GCC
|    builtin and then its argument prototype would still apply.  */
| #ifdef __cplusplus
| extern "C"
| #endif
| char _doprnt ();
| /* The GNU C library defines this for functions which it implements
|     to always fail with ENOSYS.  Some functions are actually named
|     something starting with __ and the normal name is an alias.  */
| #if defined __stub__doprnt || defined __stub____doprnt
| choke me
| #endif
| 
| int
| main ()
| {
| return _doprnt ();
|   ;
|   return 0;
| }
configure:6617: result: no
configure:6630: checking whether HOST_NAME_MAX is declared
configure:6630: gcc -c -g -O2  conftest.c >&5
configure:6630: $? = 0
configure:6630: result: yes
configure:6734: checking mpi.h usability
configure:6734: gcc -c -g -O2 -I/home/morispi1/Cours/PhD/Guided Assembly/abyss-1.5.2     -isystem/home/morispi1/Cours/PhD/Guided Assembly/abyss-1.5.2/boost_1_55_0 conftest.c >&5
gcc: error: Assembly/abyss-1.5.2: No such file or directory
gcc: error: Assembly/abyss-1.5.2/boost_1_55_0: No such file or directory
configure:6734: $? = 1
configure: failed program was:
| /* confdefs.h */
| #define PACKAGE_NAME "ABySS"
| #define PACKAGE_TARNAME "abyss"
| #define PACKAGE_VERSION "1.5.2"
| #define PACKAGE_STRING "ABySS 1.5.2"
| #define PACKAGE_BUGREPORT "abyss-users@bcgsc.ca"
| #define PACKAGE_URL "http://www.bcgsc.ca/platform/bioinfo/software/abyss"
| #define PACKAGE "abyss"
| #define VERSION "1.5.2"
| #define STDC_HEADERS 1
| #define HAVE_SYS_TYPES_H 1
| #define HAVE_SYS_STAT_H 1
| #define HAVE_STDLIB_H 1
| #define HAVE_STRING_H 1
| #define HAVE_MEMORY_H 1
| #define HAVE_STRINGS_H 1
| #define HAVE_INTTYPES_H 1
| #define HAVE_STDINT_H 1
| #define HAVE_UNISTD_H 1
| #define HAVE_DLFCN_H 1
| #define HAVE_FCNTL_H 1
| #define HAVE_FLOAT_H 1
| #define HAVE_LIMITS_H 1
| #define HAVE_STDDEF_H 1
| #define HAVE_STDINT_H 1
| #define HAVE_STDLIB_H 1
| #define HAVE_SYS_PARAM_H 1
| #define HAVE__BOOL 1
| #define HAVE_STDBOOL_H 1
| #define STDC_HEADERS 1
| #define HAVE_PTRDIFF_T 1
| #define HAVE_DUP2 1
| #define HAVE_GETHOSTNAME 1
| #define HAVE_GETOPT_LONG 1
| #define HAVE_GETPAGESIZE 1
| #define HAVE_MEMSET 1
| #define HAVE_STRDUP 1
| #define HAVE_STRERROR 1
| #define HAVE_STRTOUL 1
| #define HAVE_FORK 1
| #define HAVE_VFORK 1
| #define HAVE_WORKING_VFORK 1
| #define HAVE_WORKING_FORK 1
| #define HAVE_STDLIB_H 1
| #define HAVE_MALLOC 1
| #define HAVE_STDLIB_H 1
| #define HAVE_REALLOC 1
| #define HAVE_VPRINTF 1
| #define FMBITS 64
| #define MAX_KMER 64
| #define MPICH_SKIP_MPICXX 1
| #define OMPI_SKIP_MPICXX 1
| /* end confdefs.h.  */
| #include <stdio.h>
| #ifdef HAVE_SYS_TYPES_H
| # include <sys/types.h>
| #endif
| #ifdef HAVE_SYS_STAT_H
| # include <sys/stat.h>
| #endif
| #ifdef STDC_HEADERS
| # include <stdlib.h>
| # include <stddef.h>
| #else
| # ifdef HAVE_STDLIB_H
| #  include <stdlib.h>
| # endif
| #endif
| #ifdef HAVE_STRING_H
| # if !defined STDC_HEADERS && defined HAVE_MEMORY_H
| #  include <memory.h>
| # endif
| # include <string.h>
| #endif
| #ifdef HAVE_STRINGS_H
| # include <strings.h>
| #endif
| #ifdef HAVE_INTTYPES_H
| # include <inttypes.h>
| #endif
| #ifdef HAVE_STDINT_H
| # include <stdint.h>
| #endif
| #ifdef HAVE_UNISTD_H
| # include <unistd.h>
| #endif
| #include <mpi.h>
configure:6734: result: no
configure:6734: checking mpi.h presence
configure:6734: gcc -E -I/home/morispi1/Cours/PhD/Guided Assembly/abyss-1.5.2     -isystem/home/morispi1/Cours/PhD/Guided Assembly/abyss-1.5.2/boost_1_55_0 conftest.c
gcc: error: Assembly/abyss-1.5.2: No such file or directory
gcc: error: Assembly/abyss-1.5.2/boost_1_55_0: No such file or directory
configure:6734: $? = 1
configure: failed program was:
| /* confdefs.h */
| #define PACKAGE_NAME "ABySS"
| #define PACKAGE_TARNAME "abyss"
| #define PACKAGE_VERSION "1.5.2"
| #define PACKAGE_STRING "ABySS 1.5.2"
| #define PACKAGE_BUGREPORT "abyss-users@bcgsc.ca"
| #define PACKAGE_URL "http://www.bcgsc.ca/platform/bioinfo/software/abyss"
| #define PACKAGE "abyss"
| #define VERSION "1.5.2"
| #define STDC_HEADERS 1
| #define HAVE_SYS_TYPES_H 1
| #define HAVE_SYS_STAT_H 1
| #define HAVE_STDLIB_H 1
| #define HAVE_STRING_H 1
| #define HAVE_MEMORY_H 1
| #define HAVE_STRINGS_H 1
| #define HAVE_INTTYPES_H 1
| #define HAVE_STDINT_H 1
| #define HAVE_UNISTD_H 1
| #define HAVE_DLFCN_H 1
| #define HAVE_FCNTL_H 1
| #define HAVE_FLOAT_H 1
| #define HAVE_LIMITS_H 1
| #define HAVE_STDDEF_H 1
| #define HAVE_STDINT_H 1
| #define HAVE_STDLIB_H 1
| #define HAVE_SYS_PARAM_H 1
| #define HAVE__BOOL 1
| #define HAVE_STDBOOL_H 1
| #define STDC_HEADERS 1
| #define HAVE_PTRDIFF_T 1
| #define HAVE_DUP2 1
| #define HAVE_GETHOSTNAME 1
| #define HAVE_GETOPT_LONG 1
| #define HAVE_GETPAGESIZE 1
| #define HAVE_MEMSET 1
| #define HAVE_STRDUP 1
| #define HAVE_STRERROR 1
| #define HAVE_STRTOUL 1
| #define HAVE_FORK 1
| #define HAVE_VFORK 1
| #define HAVE_WORKING_VFORK 1
| #define HAVE_WORKING_FORK 1
| #define HAVE_STDLIB_H 1
| #define HAVE_MALLOC 1
| #define HAVE_STDLIB_H 1
| #define HAVE_REALLOC 1
| #define HAVE_VPRINTF 1
| #define FMBITS 64
| #define MAX_KMER 64
| #define MPICH_SKIP_MPICXX 1
| #define OMPI_SKIP_MPICXX 1
| /* end confdefs.h.  */
| #include <mpi.h>
configure:6734: result: no
configure:6734: checking for mpi.h
configure:6734: result: no
configure:7114: checking for MPI_Init in -lmpi
configure:7139: gcc -o conftest -g -O2 -I/home/morispi1/Cours/PhD/Guided Assembly/abyss-1.5.2     -isystem/home/morispi1/Cours/PhD/Guided Assembly/abyss-1.5.2/boost_1_55_0    conftest.c -lmpi   >&5
gcc: error: Assembly/abyss-1.5.2: No such file or directory
gcc: error: Assembly/abyss-1.5.2/boost_1_55_0: No such file or directory
configure:7139: $? = 1
configure: failed program was:
| /* confdefs.h */
| #define PACKAGE_NAME "ABySS"
| #define PACKAGE_TARNAME "abyss"
| #define PACKAGE_VERSION "1.5.2"
| #define PACKAGE_STRING "ABySS 1.5.2"
| #define PACKAGE_BUGREPORT "abyss-users@bcgsc.ca"
| #define PACKAGE_URL "http://www.bcgsc.ca/platform/bioinfo/software/abyss"
| #define PACKAGE "abyss"
| #define VERSION "1.5.2"
| #define STDC_HEADERS 1
| #define HAVE_SYS_TYPES_H 1
| #define HAVE_SYS_STAT_H 1
| #define HAVE_STDLIB_H 1
| #define HAVE_STRING_H 1
| #define HAVE_MEMORY_H 1
| #define HAVE_STRINGS_H 1
| #define HAVE_INTTYPES_H 1
| #define HAVE_STDINT_H 1
| #define HAVE_UNISTD_H 1
| #define HAVE_DLFCN_H 1
| #define HAVE_FCNTL_H 1
| #define HAVE_FLOAT_H 1
| #define HAVE_LIMITS_H 1
| #define HAVE_STDDEF_H 1
| #define HAVE_STDINT_H 1
| #define HAVE_STDLIB_H 1
| #define HAVE_SYS_PARAM_H 1
| #define HAVE__BOOL 1
| #define HAVE_STDBOOL_H 1
| #define STDC_HEADERS 1
| #define HAVE_PTRDIFF_T 1
| #define HAVE_DUP2 1
| #define HAVE_GETHOSTNAME 1
| #define HAVE_GETOPT_LONG 1
| #define HAVE_GETPAGESIZE 1
| #define HAVE_MEMSET 1
| #define HAVE_STRDUP 1
| #define HAVE_STRERROR 1
| #define HAVE_STRTOUL 1
| #define HAVE_FORK 1
| #define HAVE_VFORK 1
| #define HAVE_WORKING_VFORK 1
| #define HAVE_WORKING_FORK 1
| #define HAVE_STDLIB_H 1
| #define HAVE_MALLOC 1
| #define HAVE_STDLIB_H 1
| #define HAVE_REALLOC 1
| #define HAVE_VPRINTF 1
| #define FMBITS 64
| #define MAX_KMER 64
| #define MPICH_SKIP_MPICXX 1
| #define OMPI_SKIP_MPICXX 1
| /* end confdefs.h.  */
| 
| /* Override any GCC internal prototype to avoid an error.
|    Use char because int might match the return type of a GCC
|    builtin and then its argument prototype would still apply.  */
| #ifdef __cplusplus
| extern "C"
| #endif
| char MPI_Init ();
| int
| main ()
| {
| return MPI_Init ();
|   ;
|   return 0;
| }
configure:7148: result: no
configure:7173: checking for sqrt in -lm
configure:7198: gcc -o conftest -g -O2 -I/home/morispi1/Cours/PhD/Guided Assembly/abyss-1.5.2     -isystem/home/morispi1/Cours/PhD/Guided Assembly/abyss-1.5.2/boost_1_55_0    conftest.c -lm   >&5
gcc: error: Assembly/abyss-1.5.2: No such file or directory
gcc: error: Assembly/abyss-1.5.2/boost_1_55_0: No such file or directory
configure:7198: $? = 1
configure: failed program was:
| /* confdefs.h */
| #define PACKAGE_NAME "ABySS"
| #define PACKAGE_TARNAME "abyss"
| #define PACKAGE_VERSION "1.5.2"
| #define PACKAGE_STRING "ABySS 1.5.2"
| #define PACKAGE_BUGREPORT "abyss-users@bcgsc.ca"
| #define PACKAGE_URL "http://www.bcgsc.ca/platform/bioinfo/software/abyss"
| #define PACKAGE "abyss"
| #define VERSION "1.5.2"
| #define STDC_HEADERS 1
| #define HAVE_SYS_TYPES_H 1
| #define HAVE_SYS_STAT_H 1
| #define HAVE_STDLIB_H 1
| #define HAVE_STRING_H 1
| #define HAVE_MEMORY_H 1
| #define HAVE_STRINGS_H 1
| #define HAVE_INTTYPES_H 1
| #define HAVE_STDINT_H 1
| #define HAVE_UNISTD_H 1
| #define HAVE_DLFCN_H 1
| #define HAVE_FCNTL_H 1
| #define HAVE_FLOAT_H 1
| #define HAVE_LIMITS_H 1
| #define HAVE_STDDEF_H 1
| #define HAVE_STDINT_H 1
| #define HAVE_STDLIB_H 1
| #define HAVE_SYS_PARAM_H 1
| #define HAVE__BOOL 1
| #define HAVE_STDBOOL_H 1
| #define STDC_HEADERS 1
| #define HAVE_PTRDIFF_T 1
| #define HAVE_DUP2 1
| #define HAVE_GETHOSTNAME 1
| #define HAVE_GETOPT_LONG 1
| #define HAVE_GETPAGESIZE 1
| #define HAVE_MEMSET 1
| #define HAVE_STRDUP 1
| #define HAVE_STRERROR 1
| #define HAVE_STRTOUL 1
| #define HAVE_FORK 1
| #define HAVE_VFORK 1
| #define HAVE_WORKING_VFORK 1
| #define HAVE_WORKING_FORK 1
| #define HAVE_STDLIB_H 1
| #define HAVE_MALLOC 1
| #define HAVE_STDLIB_H 1
| #define HAVE_REALLOC 1
| #define HAVE_VPRINTF 1
| #define FMBITS 64
| #define MAX_KMER 64
| #define MPICH_SKIP_MPICXX 1
| #define OMPI_SKIP_MPICXX 1
| /* end confdefs.h.  */
| 
| /* Override any GCC internal prototype to avoid an error.
|    Use char because int might match the return type of a GCC
|    builtin and then its argument prototype would still apply.  */
| #ifdef __cplusplus
| extern "C"
| #endif
| char sqrt ();
| int
| main ()
| {
| return sqrt ();
|   ;
|   return 0;
| }
configure:7207: result: no
configure:7221: checking for pow
configure:7221: gcc -o conftest -g -O2 -I/home/morispi1/Cours/PhD/Guided Assembly/abyss-1.5.2     -isystem/home/morispi1/Cours/PhD/Guided Assembly/abyss-1.5.2/boost_1_55_0    conftest.c  >&5
gcc: error: Assembly/abyss-1.5.2: No such file or directory
gcc: error: Assembly/abyss-1.5.2/boost_1_55_0: No such file or directory
configure:7221: $? = 1
configure: failed program was:
| /* confdefs.h */
| #define PACKAGE_NAME "ABySS"
| #define PACKAGE_TARNAME "abyss"
| #define PACKAGE_VERSION "1.5.2"
| #define PACKAGE_STRING "ABySS 1.5.2"
| #define PACKAGE_BUGREPORT "abyss-users@bcgsc.ca"
| #define PACKAGE_URL "http://www.bcgsc.ca/platform/bioinfo/software/abyss"
| #define PACKAGE "abyss"
| #define VERSION "1.5.2"
| #define STDC_HEADERS 1
| #define HAVE_SYS_TYPES_H 1
| #define HAVE_SYS_STAT_H 1
| #define HAVE_STDLIB_H 1
| #define HAVE_STRING_H 1
| #define HAVE_MEMORY_H 1
| #define HAVE_STRINGS_H 1
| #define HAVE_INTTYPES_H 1
| #define HAVE_STDINT_H 1
| #define HAVE_UNISTD_H 1
| #define HAVE_DLFCN_H 1
| #define HAVE_FCNTL_H 1
| #define HAVE_FLOAT_H 1
| #define HAVE_LIMITS_H 1
| #define HAVE_STDDEF_H 1
| #define HAVE_STDINT_H 1
| #define HAVE_STDLIB_H 1
| #define HAVE_SYS_PARAM_H 1
| #define HAVE__BOOL 1
| #define HAVE_STDBOOL_H 1
| #define STDC_HEADERS 1
| #define HAVE_PTRDIFF_T 1
| #define HAVE_DUP2 1
| #define HAVE_GETHOSTNAME 1
| #define HAVE_GETOPT_LONG 1
| #define HAVE_GETPAGESIZE 1
| #define HAVE_MEMSET 1
| #define HAVE_STRDUP 1
| #define HAVE_STRERROR 1
| #define HAVE_STRTOUL 1
| #define HAVE_FORK 1
| #define HAVE_VFORK 1
| #define HAVE_WORKING_VFORK 1
| #define HAVE_WORKING_FORK 1
| #define HAVE_STDLIB_H 1
| #define HAVE_MALLOC 1
| #define HAVE_STDLIB_H 1
| #define HAVE_REALLOC 1
| #define HAVE_VPRINTF 1
| #define FMBITS 64
| #define MAX_KMER 64
| #define MPICH_SKIP_MPICXX 1
| #define OMPI_SKIP_MPICXX 1
| /* end confdefs.h.  */
| /* Define pow to an innocuous variant, in case <limits.h> declares pow.
|    For example, HP-UX 11i <limits.h> declares gettimeofday.  */
| #define pow innocuous_pow
| 
| /* System header to define __stub macros and hopefully few prototypes,
|     which can conflict with char pow (); below.
|     Prefer <limits.h> to <assert.h> if __STDC__ is defined, since
|     <limits.h> exists even on freestanding compilers.  */
| 
| #ifdef __STDC__
| # include <limits.h>
| #else
| # include <assert.h>
| #endif
| 
| #undef pow
| 
| /* Override any GCC internal prototype to avoid an error.
|    Use char because int might match the return type of a GCC
|    builtin and then its argument prototype would still apply.  */
| #ifdef __cplusplus
| extern "C"
| #endif
| char pow ();
| /* The GNU C library defines this for functions which it implements
|     to always fail with ENOSYS.  Some functions are actually named
|     something starting with __ and the normal name is an alias.  */
| #if defined __stub_pow || defined __stub___pow
| choke me
| #endif
| 
| int
| main ()
| {
| return pow ();
|   ;
|   return 0;
| }
configure:7221: result: no
configure:7221: checking for sqrt
configure:7221: gcc -o conftest -g -O2 -I/home/morispi1/Cours/PhD/Guided Assembly/abyss-1.5.2     -isystem/home/morispi1/Cours/PhD/Guided Assembly/abyss-1.5.2/boost_1_55_0    conftest.c  >&5
gcc: error: Assembly/abyss-1.5.2: No such file or directory
gcc: error: Assembly/abyss-1.5.2/boost_1_55_0: No such file or directory
configure:7221: $? = 1
configure: failed program was:
| /* confdefs.h */
| #define PACKAGE_NAME "ABySS"
| #define PACKAGE_TARNAME "abyss"
| #define PACKAGE_VERSION "1.5.2"
| #define PACKAGE_STRING "ABySS 1.5.2"
| #define PACKAGE_BUGREPORT "abyss-users@bcgsc.ca"
| #define PACKAGE_URL "http://www.bcgsc.ca/platform/bioinfo/software/abyss"
| #define PACKAGE "abyss"
| #define VERSION "1.5.2"
| #define STDC_HEADERS 1
| #define HAVE_SYS_TYPES_H 1
| #define HAVE_SYS_STAT_H 1
| #define HAVE_STDLIB_H 1
| #define HAVE_STRING_H 1
| #define HAVE_MEMORY_H 1
| #define HAVE_STRINGS_H 1
| #define HAVE_INTTYPES_H 1
| #define HAVE_STDINT_H 1
| #define HAVE_UNISTD_H 1
| #define HAVE_DLFCN_H 1
| #define HAVE_FCNTL_H 1
| #define HAVE_FLOAT_H 1
| #define HAVE_LIMITS_H 1
| #define HAVE_STDDEF_H 1
| #define HAVE_STDINT_H 1
| #define HAVE_STDLIB_H 1
| #define HAVE_SYS_PARAM_H 1
| #define HAVE__BOOL 1
| #define HAVE_STDBOOL_H 1
| #define STDC_HEADERS 1
| #define HAVE_PTRDIFF_T 1
| #define HAVE_DUP2 1
| #define HAVE_GETHOSTNAME 1
| #define HAVE_GETOPT_LONG 1
| #define HAVE_GETPAGESIZE 1
| #define HAVE_MEMSET 1
| #define HAVE_STRDUP 1
| #define HAVE_STRERROR 1
| #define HAVE_STRTOUL 1
| #define HAVE_FORK 1
| #define HAVE_VFORK 1
| #define HAVE_WORKING_VFORK 1
| #define HAVE_WORKING_FORK 1
| #define HAVE_STDLIB_H 1
| #define HAVE_MALLOC 1
| #define HAVE_STDLIB_H 1
| #define HAVE_REALLOC 1
| #define HAVE_VPRINTF 1
| #define FMBITS 64
| #define MAX_KMER 64
| #define MPICH_SKIP_MPICXX 1
| #define OMPI_SKIP_MPICXX 1
| /* end confdefs.h.  */
| /* Define sqrt to an innocuous variant, in case <limits.h> declares sqrt.
|    For example, HP-UX 11i <limits.h> declares gettimeofday.  */
| #define sqrt innocuous_sqrt
| 
| /* System header to define __stub macros and hopefully few prototypes,
|     which can conflict with char sqrt (); below.
|     Prefer <limits.h> to <assert.h> if __STDC__ is defined, since
|     <limits.h> exists even on freestanding compilers.  */
| 
| #ifdef __STDC__
| # include <limits.h>
| #else
| # include <assert.h>
| #endif
| 
| #undef sqrt
| 
| /* Override any GCC internal prototype to avoid an error.
|    Use char because int might match the return type of a GCC
|    builtin and then its argument prototype would still apply.  */
| #ifdef __cplusplus
| extern "C"
| #endif
| char sqrt ();
| /* The GNU C library defines this for functions which it implements
|     to always fail with ENOSYS.  Some functions are actually named
|     something starting with __ and the normal name is an alias.  */
| #if defined __stub_sqrt || defined __stub___sqrt
| choke me
| #endif
| 
| int
| main ()
| {
| return sqrt ();
|   ;
|   return 0;
| }
configure:7221: result: no
configure:7230: checking for ceilf
configure:7230: gcc -o conftest -g -O2 -I/home/morispi1/Cours/PhD/Guided Assembly/abyss-1.5.2     -isystem/home/morispi1/Cours/PhD/Guided Assembly/abyss-1.5.2/boost_1_55_0    conftest.c  >&5
gcc: error: Assembly/abyss-1.5.2: No such file or directory
gcc: error: Assembly/abyss-1.5.2/boost_1_55_0: No such file or directory
configure:7230: $? = 1
configure: failed program was:
| /* confdefs.h */
| #define PACKAGE_NAME "ABySS"
| #define PACKAGE_TARNAME "abyss"
| #define PACKAGE_VERSION "1.5.2"
| #define PACKAGE_STRING "ABySS 1.5.2"
| #define PACKAGE_BUGREPORT "abyss-users@bcgsc.ca"
| #define PACKAGE_URL "http://www.bcgsc.ca/platform/bioinfo/software/abyss"
| #define PACKAGE "abyss"
| #define VERSION "1.5.2"
| #define STDC_HEADERS 1
| #define HAVE_SYS_TYPES_H 1
| #define HAVE_SYS_STAT_H 1
| #define HAVE_STDLIB_H 1
| #define HAVE_STRING_H 1
| #define HAVE_MEMORY_H 1
| #define HAVE_STRINGS_H 1
| #define HAVE_INTTYPES_H 1
| #define HAVE_STDINT_H 1
| #define HAVE_UNISTD_H 1
| #define HAVE_DLFCN_H 1
| #define HAVE_FCNTL_H 1
| #define HAVE_FLOAT_H 1
| #define HAVE_LIMITS_H 1
| #define HAVE_STDDEF_H 1
| #define HAVE_STDINT_H 1
| #define HAVE_STDLIB_H 1
| #define HAVE_SYS_PARAM_H 1
| #define HAVE__BOOL 1
| #define HAVE_STDBOOL_H 1
| #define STDC_HEADERS 1
| #define HAVE_PTRDIFF_T 1
| #define HAVE_DUP2 1
| #define HAVE_GETHOSTNAME 1
| #define HAVE_GETOPT_LONG 1
| #define HAVE_GETPAGESIZE 1
| #define HAVE_MEMSET 1
| #define HAVE_STRDUP 1
| #define HAVE_STRERROR 1
| #define HAVE_STRTOUL 1
| #define HAVE_FORK 1
| #define HAVE_VFORK 1
| #define HAVE_WORKING_VFORK 1
| #define HAVE_WORKING_FORK 1
| #define HAVE_STDLIB_H 1
| #define HAVE_MALLOC 1
| #define HAVE_STDLIB_H 1
| #define HAVE_REALLOC 1
| #define HAVE_VPRINTF 1
| #define FMBITS 64
| #define MAX_KMER 64
| #define MPICH_SKIP_MPICXX 1
| #define OMPI_SKIP_MPICXX 1
| /* end confdefs.h.  */
| /* Define ceilf to an innocuous variant, in case <limits.h> declares ceilf.
|    For example, HP-UX 11i <limits.h> declares gettimeofday.  */
| #define ceilf innocuous_ceilf
| 
| /* System header to define __stub macros and hopefully few prototypes,
|     which can conflict with char ceilf (); below.
|     Prefer <limits.h> to <assert.h> if __STDC__ is defined, since
|     <limits.h> exists even on freestanding compilers.  */
| 
| #ifdef __STDC__
| # include <limits.h>
| #else
| # include <assert.h>
| #endif
| 
| #undef ceilf
| 
| /* Override any GCC internal prototype to avoid an error.
|    Use char because int might match the return type of a GCC
|    builtin and then its argument prototype would still apply.  */
| #ifdef __cplusplus
| extern "C"
| #endif
| char ceilf ();
| /* The GNU C library defines this for functions which it implements
|     to always fail with ENOSYS.  Some functions are actually named
|     something starting with __ and the normal name is an alias.  */
| #if defined __stub_ceilf || defined __stub___ceilf
| choke me
| #endif
| 
| int
| main ()
| {
| return ceilf ();
|   ;
|   return 0;
| }
configure:7230: result: no
configure:7241: checking for dlsym in -ldl
configure:7266: gcc -o conftest -g -O2 -I/home/morispi1/Cours/PhD/Guided Assembly/abyss-1.5.2     -isystem/home/morispi1/Cours/PhD/Guided Assembly/abyss-1.5.2/boost_1_55_0    conftest.c -ldl   >&5
gcc: error: Assembly/abyss-1.5.2: No such file or directory
gcc: error: Assembly/abyss-1.5.2/boost_1_55_0: No such file or directory
configure:7266: $? = 1
configure: failed program was:
| /* confdefs.h */
| #define PACKAGE_NAME "ABySS"
| #define PACKAGE_TARNAME "abyss"
| #define PACKAGE_VERSION "1.5.2"
| #define PACKAGE_STRING "ABySS 1.5.2"
| #define PACKAGE_BUGREPORT "abyss-users@bcgsc.ca"
| #define PACKAGE_URL "http://www.bcgsc.ca/platform/bioinfo/software/abyss"
| #define PACKAGE "abyss"
| #define VERSION "1.5.2"
| #define STDC_HEADERS 1
| #define HAVE_SYS_TYPES_H 1
| #define HAVE_SYS_STAT_H 1
| #define HAVE_STDLIB_H 1
| #define HAVE_STRING_H 1
| #define HAVE_MEMORY_H 1
| #define HAVE_STRINGS_H 1
| #define HAVE_INTTYPES_H 1
| #define HAVE_STDINT_H 1
| #define HAVE_UNISTD_H 1
| #define HAVE_DLFCN_H 1
| #define HAVE_FCNTL_H 1
| #define HAVE_FLOAT_H 1
| #define HAVE_LIMITS_H 1
| #define HAVE_STDDEF_H 1
| #define HAVE_STDINT_H 1
| #define HAVE_STDLIB_H 1
| #define HAVE_SYS_PARAM_H 1
| #define HAVE__BOOL 1
| #define HAVE_STDBOOL_H 1
| #define STDC_HEADERS 1
| #define HAVE_PTRDIFF_T 1
| #define HAVE_DUP2 1
| #define HAVE_GETHOSTNAME 1
| #define HAVE_GETOPT_LONG 1
| #define HAVE_GETPAGESIZE 1
| #define HAVE_MEMSET 1
| #define HAVE_STRDUP 1
| #define HAVE_STRERROR 1
| #define HAVE_STRTOUL 1
| #define HAVE_FORK 1
| #define HAVE_VFORK 1
| #define HAVE_WORKING_VFORK 1
| #define HAVE_WORKING_FORK 1
| #define HAVE_STDLIB_H 1
| #define HAVE_MALLOC 1
| #define HAVE_STDLIB_H 1
| #define HAVE_REALLOC 1
| #define HAVE_VPRINTF 1
| #define FMBITS 64
| #define MAX_KMER 64
| #define MPICH_SKIP_MPICXX 1
| #define OMPI_SKIP_MPICXX 1
| #define ceilf ceil
| /* end confdefs.h.  */
| 
| /* Override any GCC internal prototype to avoid an error.
|    Use char because int might match the return type of a GCC
|    builtin and then its argument prototype would still apply.  */
| #ifdef __cplusplus
| extern "C"
| #endif
| char dlsym ();
| int
| main ()
| {
| return dlsym ();
|   ;
|   return 0;
| }
configure:7275: result: no
configure:7300: gcc -c -g -O2 -I/home/morispi1/Cours/PhD/Guided Assembly/abyss-1.5.2     -isystem/home/morispi1/Cours/PhD/Guided Assembly/abyss-1.5.2/boost_1_55_0 conftest.c >&5
gcc: error: Assembly/abyss-1.5.2: No such file or directory
gcc: error: Assembly/abyss-1.5.2/boost_1_55_0: No such file or directory
configure:7300: $? = 1
configure: failed program was:
| /* confdefs.h */
| #define PACKAGE_NAME "ABySS"
| #define PACKAGE_TARNAME "abyss"
| #define PACKAGE_VERSION "1.5.2"
| #define PACKAGE_STRING "ABySS 1.5.2"
| #define PACKAGE_BUGREPORT "abyss-users@bcgsc.ca"
| #define PACKAGE_URL "http://www.bcgsc.ca/platform/bioinfo/software/abyss"
| #define PACKAGE "abyss"
| #define VERSION "1.5.2"
| #define STDC_HEADERS 1
| #define HAVE_SYS_TYPES_H 1
| #define HAVE_SYS_STAT_H 1
| #define HAVE_STDLIB_H 1
| #define HAVE_STRING_H 1
| #define HAVE_MEMORY_H 1
| #define HAVE_STRINGS_H 1
| #define HAVE_INTTYPES_H 1
| #define HAVE_STDINT_H 1
| #define HAVE_UNISTD_H 1
| #define HAVE_DLFCN_H 1
| #define HAVE_FCNTL_H 1
| #define HAVE_FLOAT_H 1
| #define HAVE_LIMITS_H 1
| #define HAVE_STDDEF_H 1
| #define HAVE_STDINT_H 1
| #define HAVE_STDLIB_H 1
| #define HAVE_SYS_PARAM_H 1
| #define HAVE__BOOL 1
| #define HAVE_STDBOOL_H 1
| #define STDC_HEADERS 1
| #define HAVE_PTRDIFF_T 1
| #define HAVE_DUP2 1
| #define HAVE_GETHOSTNAME 1
| #define HAVE_GETOPT_LONG 1
| #define HAVE_GETPAGESIZE 1
| #define HAVE_MEMSET 1
| #define HAVE_STRDUP 1
| #define HAVE_STRERROR 1
| #define HAVE_STRTOUL 1
| #define HAVE_FORK 1
| #define HAVE_VFORK 1
| #define HAVE_WORKING_VFORK 1
| #define HAVE_WORKING_FORK 1
| #define HAVE_STDLIB_H 1
| #define HAVE_MALLOC 1
| #define HAVE_STDLIB_H 1
| #define HAVE_REALLOC 1
| #define HAVE_VPRINTF 1
| #define FMBITS 64
| #define MAX_KMER 64
| #define MPICH_SKIP_MPICXX 1
| #define OMPI_SKIP_MPICXX 1
| #define ceilf ceil
| /* end confdefs.h.  */
| #include <stdint.h>,
| 					  uint64_t x = 0;
| int
| main ()
| {
| __asm__("popcnt %1,%0" : "=r" (x) : "r" (x));
|   ;
|   return 0;
| }
configure:7323: checking how to run the C++ preprocessor
configure:7350: g++ -E -I/home/morispi1/Cours/PhD/Guided Assembly/abyss-1.5.2     -isystem/home/morispi1/Cours/PhD/Guided Assembly/abyss-1.5.2/boost_1_55_0 conftest.cpp
./configure: line 2224: g++: command not found
configure:7350: $? = 127
configure: failed program was:
| /* confdefs.h */
| #define PACKAGE_NAME "ABySS"
| #define PACKAGE_TARNAME "abyss"
| #define PACKAGE_VERSION "1.5.2"
| #define PACKAGE_STRING "ABySS 1.5.2"
| #define PACKAGE_BUGREPORT "abyss-users@bcgsc.ca"
| #define PACKAGE_URL "http://www.bcgsc.ca/platform/bioinfo/software/abyss"
| #define PACKAGE "abyss"
| #define VERSION "1.5.2"
| #define STDC_HEADERS 1
| #define HAVE_SYS_TYPES_H 1
| #define HAVE_SYS_STAT_H 1
| #define HAVE_STDLIB_H 1
| #define HAVE_STRING_H 1
| #define HAVE_MEMORY_H 1
| #define HAVE_STRINGS_H 1
| #define HAVE_INTTYPES_H 1
| #define HAVE_STDINT_H 1
| #define HAVE_UNISTD_H 1
| #define HAVE_DLFCN_H 1
| #define HAVE_FCNTL_H 1
| #define HAVE_FLOAT_H 1
| #define HAVE_LIMITS_H 1
| #define HAVE_STDDEF_H 1
| #define HAVE_STDINT_H 1
| #define HAVE_STDLIB_H 1
| #define HAVE_SYS_PARAM_H 1
| #define HAVE__BOOL 1
| #define HAVE_STDBOOL_H 1
| #define STDC_HEADERS 1
| #define HAVE_PTRDIFF_T 1
| #define HAVE_DUP2 1
| #define HAVE_GETHOSTNAME 1
| #define HAVE_GETOPT_LONG 1
| #define HAVE_GETPAGESIZE 1
| #define HAVE_MEMSET 1
| #define HAVE_STRDUP 1
| #define HAVE_STRERROR 1
| #define HAVE_STRTOUL 1
| #define HAVE_FORK 1
| #define HAVE_VFORK 1
| #define HAVE_WORKING_VFORK 1
| #define HAVE_WORKING_FORK 1
| #define HAVE_STDLIB_H 1
| #define HAVE_MALLOC 1
| #define HAVE_STDLIB_H 1
| #define HAVE_REALLOC 1
| #define HAVE_VPRINTF 1
| #define FMBITS 64
| #define MAX_KMER 64
| #define MPICH_SKIP_MPICXX 1
| #define OMPI_SKIP_MPICXX 1
| #define ceilf ceil
| #define HAVE_POPCNT 0
| /* end confdefs.h.  */
| #ifdef __STDC__
| # include <limits.h>
| #else
| # include <assert.h>
| #endif
| 		     Syntax error
configure:7350: g++ -E -I/home/morispi1/Cours/PhD/Guided Assembly/abyss-1.5.2     -isystem/home/morispi1/Cours/PhD/Guided Assembly/abyss-1.5.2/boost_1_55_0 conftest.cpp
./configure: line 2224: g++: command not found
configure:7350: $? = 127
configure: failed program was:
| /* confdefs.h */
| #define PACKAGE_NAME "ABySS"
| #define PACKAGE_TARNAME "abyss"
| #define PACKAGE_VERSION "1.5.2"
| #define PACKAGE_STRING "ABySS 1.5.2"
| #define PACKAGE_BUGREPORT "abyss-users@bcgsc.ca"
| #define PACKAGE_URL "http://www.bcgsc.ca/platform/bioinfo/software/abyss"
| #define PACKAGE "abyss"
| #define VERSION "1.5.2"
| #define STDC_HEADERS 1
| #define HAVE_SYS_TYPES_H 1
| #define HAVE_SYS_STAT_H 1
| #define HAVE_STDLIB_H 1
| #define HAVE_STRING_H 1
| #define HAVE_MEMORY_H 1
| #define HAVE_STRINGS_H 1
| #define HAVE_INTTYPES_H 1
| #define HAVE_STDINT_H 1
| #define HAVE_UNISTD_H 1
| #define HAVE_DLFCN_H 1
| #define HAVE_FCNTL_H 1
| #define HAVE_FLOAT_H 1
| #define HAVE_LIMITS_H 1
| #define HAVE_STDDEF_H 1
| #define HAVE_STDINT_H 1
| #define HAVE_STDLIB_H 1
| #define HAVE_SYS_PARAM_H 1
| #define HAVE__BOOL 1
| #define HAVE_STDBOOL_H 1
| #define STDC_HEADERS 1
| #define HAVE_PTRDIFF_T 1
| #define HAVE_DUP2 1
| #define HAVE_GETHOSTNAME 1
| #define HAVE_GETOPT_LONG 1
| #define HAVE_GETPAGESIZE 1
| #define HAVE_MEMSET 1
| #define HAVE_STRDUP 1
| #define HAVE_STRERROR 1
| #define HAVE_STRTOUL 1
| #define HAVE_FORK 1
| #define HAVE_VFORK 1
| #define HAVE_WORKING_VFORK 1
| #define HAVE_WORKING_FORK 1
| #define HAVE_STDLIB_H 1
| #define HAVE_MALLOC 1
| #define HAVE_STDLIB_H 1
| #define HAVE_REALLOC 1
| #define HAVE_VPRINTF 1
| #define FMBITS 64
| #define MAX_KMER 64
| #define MPICH_SKIP_MPICXX 1
| #define OMPI_SKIP_MPICXX 1
| #define ceilf ceil
| #define HAVE_POPCNT 0
| /* end confdefs.h.  */
| #ifdef __STDC__
| # include <limits.h>
| #else
| # include <assert.h>
| #endif
| 		     Syntax error
configure:7350: /lib/cpp -I/home/morispi1/Cours/PhD/Guided Assembly/abyss-1.5.2     -isystem/home/morispi1/Cours/PhD/Guided Assembly/abyss-1.5.2/boost_1_55_0 conftest.cpp
cpp: fatal error: too many input files
compilation terminated.
configure:7350: $? = 1
configure: failed program was:
| /* confdefs.h */
| #define PACKAGE_NAME "ABySS"
| #define PACKAGE_TARNAME "abyss"
| #define PACKAGE_VERSION "1.5.2"
| #define PACKAGE_STRING "ABySS 1.5.2"
| #define PACKAGE_BUGREPORT "abyss-users@bcgsc.ca"
| #define PACKAGE_URL "http://www.bcgsc.ca/platform/bioinfo/software/abyss"
| #define PACKAGE "abyss"
| #define VERSION "1.5.2"
| #define STDC_HEADERS 1
| #define HAVE_SYS_TYPES_H 1
| #define HAVE_SYS_STAT_H 1
| #define HAVE_STDLIB_H 1
| #define HAVE_STRING_H 1
| #define HAVE_MEMORY_H 1
| #define HAVE_STRINGS_H 1
| #define HAVE_INTTYPES_H 1
| #define HAVE_STDINT_H 1
| #define HAVE_UNISTD_H 1
| #define HAVE_DLFCN_H 1
| #define HAVE_FCNTL_H 1
| #define HAVE_FLOAT_H 1
| #define HAVE_LIMITS_H 1
| #define HAVE_STDDEF_H 1
| #define HAVE_STDINT_H 1
| #define HAVE_STDLIB_H 1
| #define HAVE_SYS_PARAM_H 1
| #define HAVE__BOOL 1
| #define HAVE_STDBOOL_H 1
| #define STDC_HEADERS 1
| #define HAVE_PTRDIFF_T 1
| #define HAVE_DUP2 1
| #define HAVE_GETHOSTNAME 1
| #define HAVE_GETOPT_LONG 1
| #define HAVE_GETPAGESIZE 1
| #define HAVE_MEMSET 1
| #define HAVE_STRDUP 1
| #define HAVE_STRERROR 1
| #define HAVE_STRTOUL 1
| #define HAVE_FORK 1
| #define HAVE_VFORK 1
| #define HAVE_WORKING_VFORK 1
| #define HAVE_WORKING_FORK 1
| #define HAVE_STDLIB_H 1
| #define HAVE_MALLOC 1
| #define HAVE_STDLIB_H 1
| #define HAVE_REALLOC 1
| #define HAVE_VPRINTF 1
| #define FMBITS 64
| #define MAX_KMER 64
| #define MPICH_SKIP_MPICXX 1
| #define OMPI_SKIP_MPICXX 1
| #define ceilf ceil
| #define HAVE_POPCNT 0
| /* end confdefs.h.  */
| #ifdef __STDC__
| # include <limits.h>
| #else
| # include <assert.h>
| #endif
| 		     Syntax error
configure:7350: /lib/cpp -I/home/morispi1/Cours/PhD/Guided Assembly/abyss-1.5.2     -isystem/home/morispi1/Cours/PhD/Guided Assembly/abyss-1.5.2/boost_1_55_0 conftest.cpp
cpp: fatal error: too many input files
compilation terminated.
configure:7350: $? = 1
configure: failed program was:
| /* confdefs.h */
| #define PACKAGE_NAME "ABySS"
| #define PACKAGE_TARNAME "abyss"
| #define PACKAGE_VERSION "1.5.2"
| #define PACKAGE_STRING "ABySS 1.5.2"
| #define PACKAGE_BUGREPORT "abyss-users@bcgsc.ca"
| #define PACKAGE_URL "http://www.bcgsc.ca/platform/bioinfo/software/abyss"
| #define PACKAGE "abyss"
| #define VERSION "1.5.2"
| #define STDC_HEADERS 1
| #define HAVE_SYS_TYPES_H 1
| #define HAVE_SYS_STAT_H 1
| #define HAVE_STDLIB_H 1
| #define HAVE_STRING_H 1
| #define HAVE_MEMORY_H 1
| #define HAVE_STRINGS_H 1
| #define HAVE_INTTYPES_H 1
| #define HAVE_STDINT_H 1
| #define HAVE_UNISTD_H 1
| #define HAVE_DLFCN_H 1
| #define HAVE_FCNTL_H 1
| #define HAVE_FLOAT_H 1
| #define HAVE_LIMITS_H 1
| #define HAVE_STDDEF_H 1
| #define HAVE_STDINT_H 1
| #define HAVE_STDLIB_H 1
| #define HAVE_SYS_PARAM_H 1
| #define HAVE__BOOL 1
| #define HAVE_STDBOOL_H 1
| #define STDC_HEADERS 1
| #define HAVE_PTRDIFF_T 1
| #define HAVE_DUP2 1
| #define HAVE_GETHOSTNAME 1
| #define HAVE_GETOPT_LONG 1
| #define HAVE_GETPAGESIZE 1
| #define HAVE_MEMSET 1
| #define HAVE_STRDUP 1
| #define HAVE_STRERROR 1
| #define HAVE_STRTOUL 1
| #define HAVE_FORK 1
| #define HAVE_VFORK 1
| #define HAVE_WORKING_VFORK 1
| #define HAVE_WORKING_FORK 1
| #define HAVE_STDLIB_H 1
| #define HAVE_MALLOC 1
| #define HAVE_STDLIB_H 1
| #define HAVE_REALLOC 1
| #define HAVE_VPRINTF 1
| #define FMBITS 64
| #define MAX_KMER 64
| #define MPICH_SKIP_MPICXX 1
| #define OMPI_SKIP_MPICXX 1
| #define ceilf ceil
| #define HAVE_POPCNT 0
| /* end confdefs.h.  */
| #ifdef __STDC__
| # include <limits.h>
| #else
| # include <assert.h>
| #endif
| 		     Syntax error
configure:7389: result: /lib/cpp
configure:7409: /lib/cpp -I/home/morispi1/Cours/PhD/Guided Assembly/abyss-1.5.2     -isystem/home/morispi1/Cours/PhD/Guided Assembly/abyss-1.5.2/boost_1_55_0 conftest.cpp
cpp: fatal error: too many input files
compilation terminated.
configure:7409: $? = 1
configure: failed program was:
| /* confdefs.h */
| #define PACKAGE_NAME "ABySS"
| #define PACKAGE_TARNAME "abyss"
| #define PACKAGE_VERSION "1.5.2"
| #define PACKAGE_STRING "ABySS 1.5.2"
| #define PACKAGE_BUGREPORT "abyss-users@bcgsc.ca"
| #define PACKAGE_URL "http://www.bcgsc.ca/platform/bioinfo/software/abyss"
| #define PACKAGE "abyss"
| #define VERSION "1.5.2"
| #define STDC_HEADERS 1
| #define HAVE_SYS_TYPES_H 1
| #define HAVE_SYS_STAT_H 1
| #define HAVE_STDLIB_H 1
| #define HAVE_STRING_H 1
| #define HAVE_MEMORY_H 1
| #define HAVE_STRINGS_H 1
| #define HAVE_INTTYPES_H 1
| #define HAVE_STDINT_H 1
| #define HAVE_UNISTD_H 1
| #define HAVE_DLFCN_H 1
| #define HAVE_FCNTL_H 1
| #define HAVE_FLOAT_H 1
| #define HAVE_LIMITS_H 1
| #define HAVE_STDDEF_H 1
| #define HAVE_STDINT_H 1
| #define HAVE_STDLIB_H 1
| #define HAVE_SYS_PARAM_H 1
| #define HAVE__BOOL 1
| #define HAVE_STDBOOL_H 1
| #define STDC_HEADERS 1
| #define HAVE_PTRDIFF_T 1
| #define HAVE_DUP2 1
| #define HAVE_GETHOSTNAME 1
| #define HAVE_GETOPT_LONG 1
| #define HAVE_GETPAGESIZE 1
| #define HAVE_MEMSET 1
| #define HAVE_STRDUP 1
| #define HAVE_STRERROR 1
| #define HAVE_STRTOUL 1
| #define HAVE_FORK 1
| #define HAVE_VFORK 1
| #define HAVE_WORKING_VFORK 1
| #define HAVE_WORKING_FORK 1
| #define HAVE_STDLIB_H 1
| #define HAVE_MALLOC 1
| #define HAVE_STDLIB_H 1
| #define HAVE_REALLOC 1
| #define HAVE_VPRINTF 1
| #define FMBITS 64
| #define MAX_KMER 64
| #define MPICH_SKIP_MPICXX 1
| #define OMPI_SKIP_MPICXX 1
| #define ceilf ceil
| #define HAVE_POPCNT 0
| /* end confdefs.h.  */
| #ifdef __STDC__
| # include <limits.h>
| #else
| # include <assert.h>
| #endif
| 		     Syntax error
configure:7409: /lib/cpp -I/home/morispi1/Cours/PhD/Guided Assembly/abyss-1.5.2     -isystem/home/morispi1/Cours/PhD/Guided Assembly/abyss-1.5.2/boost_1_55_0 conftest.cpp
cpp: fatal error: too many input files
compilation terminated.
configure:7409: $? = 1
configure: failed program was:
| /* confdefs.h */
| #define PACKAGE_NAME "ABySS"
| #define PACKAGE_TARNAME "abyss"
| #define PACKAGE_VERSION "1.5.2"
| #define PACKAGE_STRING "ABySS 1.5.2"
| #define PACKAGE_BUGREPORT "abyss-users@bcgsc.ca"
| #define PACKAGE_URL "http://www.bcgsc.ca/platform/bioinfo/software/abyss"
| #define PACKAGE "abyss"
| #define VERSION "1.5.2"
| #define STDC_HEADERS 1
| #define HAVE_SYS_TYPES_H 1
| #define HAVE_SYS_STAT_H 1
| #define HAVE_STDLIB_H 1
| #define HAVE_STRING_H 1
| #define HAVE_MEMORY_H 1
| #define HAVE_STRINGS_H 1
| #define HAVE_INTTYPES_H 1
| #define HAVE_STDINT_H 1
| #define HAVE_UNISTD_H 1
| #define HAVE_DLFCN_H 1
| #define HAVE_FCNTL_H 1
| #define HAVE_FLOAT_H 1
| #define HAVE_LIMITS_H 1
| #define HAVE_STDDEF_H 1
| #define HAVE_STDINT_H 1
| #define HAVE_STDLIB_H 1
| #define HAVE_SYS_PARAM_H 1
| #define HAVE__BOOL 1
| #define HAVE_STDBOOL_H 1
| #define STDC_HEADERS 1
| #define HAVE_PTRDIFF_T 1
| #define HAVE_DUP2 1
| #define HAVE_GETHOSTNAME 1
| #define HAVE_GETOPT_LONG 1
| #define HAVE_GETPAGESIZE 1
| #define HAVE_MEMSET 1
| #define HAVE_STRDUP 1
| #define HAVE_STRERROR 1
| #define HAVE_STRTOUL 1
| #define HAVE_FORK 1
| #define HAVE_VFORK 1
| #define HAVE_WORKING_VFORK 1
| #define HAVE_WORKING_FORK 1
| #define HAVE_STDLIB_H 1
| #define HAVE_MALLOC 1
| #define HAVE_STDLIB_H 1
| #define HAVE_REALLOC 1
| #define HAVE_VPRINTF 1
| #define FMBITS 64
| #define MAX_KMER 64
| #define MPICH_SKIP_MPICXX 1
| #define OMPI_SKIP_MPICXX 1
| #define ceilf ceil
| #define HAVE_POPCNT 0
| /* end confdefs.h.  */
| #ifdef __STDC__
| # include <limits.h>
| #else
| # include <assert.h>
| #endif
| 		     Syntax error
configure:7439: error: in `/home/morispi1/Cours/PhD/Guided Assembly/abyss-1.5.2':
configure:7441: error: C++ preprocessor "/lib/cpp" fails sanity check
See `config.log' for more details

## ---------------- ##
## Cache variables. ##
## ---------------- ##

ac_cv_c_bigendian=no
ac_cv_c_compiler_gnu=yes
ac_cv_c_const=yes
ac_cv_c_inline=inline
ac_cv_c_int64_t=yes
ac_cv_c_uint16_t=yes
ac_cv_c_uint32_t=yes
ac_cv_c_uint64_t=yes
ac_cv_c_uint8_t=yes
ac_cv_cxx_compiler_gnu=no
ac_cv_env_CCC_set=
ac_cv_env_CCC_value=
ac_cv_env_CC_set=
ac_cv_env_CC_value=
ac_cv_env_CFLAGS_set=
ac_cv_env_CFLAGS_value=
ac_cv_env_CPPFLAGS_set=
ac_cv_env_CPPFLAGS_value=
ac_cv_env_CPP_set=
ac_cv_env_CPP_value=
ac_cv_env_CXXCPP_set=
ac_cv_env_CXXCPP_value=
ac_cv_env_CXXFLAGS_set=
ac_cv_env_CXXFLAGS_value=
ac_cv_env_CXX_set=
ac_cv_env_CXX_value=
ac_cv_env_LDFLAGS_set=
ac_cv_env_LDFLAGS_value=
ac_cv_env_LIBS_set=
ac_cv_env_LIBS_value=
ac_cv_env_build_alias_set=
ac_cv_env_build_alias_value=
ac_cv_env_host_alias_set=
ac_cv_env_host_alias_value=
ac_cv_env_target_alias_set=
ac_cv_env_target_alias_value=
ac_cv_func__doprnt=no
ac_cv_func_ceilf=no
ac_cv_func_dup2=yes
ac_cv_func_fork=yes
ac_cv_func_fork_works=yes
ac_cv_func_gethostname=yes
ac_cv_func_getopt_long=yes
ac_cv_func_getpagesize=yes
ac_cv_func_malloc_0_nonnull=yes
ac_cv_func_memcmp_working=yes
ac_cv_func_memset=yes
ac_cv_func_pow=no
ac_cv_func_realloc_0_nonnull=yes
ac_cv_func_setvbuf_reversed=no
ac_cv_func_sqrt=no
ac_cv_func_strdup=yes
ac_cv_func_strerror=yes
ac_cv_func_strtoul=yes
ac_cv_func_vfork=yes
ac_cv_func_vfork_works=yes
ac_cv_func_vprintf=yes
ac_cv_have_decl_HOST_NAME_MAX=yes
ac_cv_header_dlfcn_h=yes
ac_cv_header_fcntl_h=yes
ac_cv_header_float_h=yes
ac_cv_header_inttypes_h=yes
ac_cv_header_limits_h=yes
ac_cv_header_memory_h=yes
ac_cv_header_mpi_h=no
ac_cv_header_stdbool_h=yes
ac_cv_header_stdc=yes
ac_cv_header_stddef_h=yes
ac_cv_header_stdint_h=yes
ac_cv_header_stdlib_h=yes
ac_cv_header_string_h=yes
ac_cv_header_strings_h=yes
ac_cv_header_sys_param_h=yes
ac_cv_header_sys_stat_h=yes
ac_cv_header_sys_types_h=yes
ac_cv_header_unistd_h=yes
ac_cv_header_vfork_h=no
ac_cv_lib_dl_dlsym=no
ac_cv_lib_m_sqrt=no
ac_cv_lib_mpi_MPI_Init=no
ac_cv_objext=o
ac_cv_path_EGREP='/bin/grep -E'
ac_cv_path_GREP=/bin/grep
ac_cv_path_install='/usr/bin/install -c'
ac_cv_path_mkdir=/bin/mkdir
ac_cv_prog_AWK=gawk
ac_cv_prog_CPP='gcc -E'
ac_cv_prog_CXXCPP=/lib/cpp
ac_cv_prog_ac_ct_CC=gcc
ac_cv_prog_ac_ct_RANLIB=ranlib
ac_cv_prog_cc_c89=
ac_cv_prog_cc_g=yes
ac_cv_prog_cxx_g=no
ac_cv_prog_make_make_set=yes
ac_cv_type__Bool=yes
ac_cv_type_mode_t=yes
ac_cv_type_pid_t=yes
ac_cv_type_ptrdiff_t=yes
ac_cv_type_size_t=yes
ac_cv_type_ssize_t=yes
ac_cv_type_std__hash_int_=no
ac_cv_type_std__tr1__hash_int_=no
am_cv_CC_dependencies_compiler_type=gcc3
am_cv_CXX_dependencies_compiler_type=none
am_cv_make_support_nested_variables=yes
am_cv_prog_cc_c_o=yes

## ----------------- ##
## Output variables. ##
## ----------------- ##

ACLOCAL='${SHELL} "/home/morispi1/Cours/PhD/Guided Assembly/abyss-1.5.2/missing" aclocal-1.14'
AMDEPBACKSLASH='\'
AMDEP_FALSE='#'
AMDEP_TRUE=''
AMTAR='$${TAR-tar}'
AM_BACKSLASH='\'
AM_CXXFLAGS=''
AM_DEFAULT_V='$(AM_DEFAULT_VERBOSITY)'
AM_DEFAULT_VERBOSITY='1'
AM_V='$(V)'
AUTOCONF='${SHELL} "/home/morispi1/Cours/PhD/Guided Assembly/abyss-1.5.2/missing" autoconf'
AUTOHEADER='${SHELL} "/home/morispi1/Cours/PhD/Guided Assembly/abyss-1.5.2/missing" autoheader'
AUTOMAKE='${SHELL} "/home/morispi1/Cours/PhD/Guided Assembly/abyss-1.5.2/missing" automake-1.14'
AWK='gawk'
CC='gcc'
CCDEPMODE='depmode=gcc3'
CFLAGS='-g -O2'
CPP='gcc -E'
CPPFLAGS='-I/home/morispi1/Cours/PhD/Guided Assembly/abyss-1.5.2     -isystem/home/morispi1/Cours/PhD/Guided Assembly/abyss-1.5.2/boost_1_55_0'
CXX='g++'
CXXCPP='/lib/cpp'
CXXDEPMODE='depmode=none'
CXXFLAGS=''
CYGPATH_W='echo'
DEFS=''
DEPDIR='.deps'
ECHO_C=''
ECHO_N='-n'
ECHO_T=''
EGREP='/bin/grep -E'
EXEEXT=''
GHC=''
GHC_PKG=''
GREP='/bin/grep'
GTEST_LIBS=''
HAVE_GHC_MMAP_FALSE=''
HAVE_GHC_MMAP_TRUE='#'
HAVE_GTEST_FALSE=''
HAVE_GTEST_TRUE=''
HAVE_LIBMPI_FALSE=''
HAVE_LIBMPI_TRUE='#'
INSTALL_DATA='${INSTALL} -m 644'
INSTALL_PROGRAM='${INSTALL}'
INSTALL_SCRIPT='${INSTALL}'
INSTALL_STRIP_PROGRAM='$(install_sh) -c -s'
LDFLAGS='  '
LIBOBJS=''
LIBS=''
LTLIBOBJS=''
MAKEINFO='${SHELL} "/home/morispi1/Cours/PhD/Guided Assembly/abyss-1.5.2/missing" makeinfo'
MKDIR_P='/bin/mkdir -p'
MPI_LIBS=''
OBJEXT='o'
OPENMP_CXXFLAGS=''
PACKAGE='abyss'
PACKAGE_BUGREPORT='abyss-users@bcgsc.ca'
PACKAGE_NAME='ABySS'
PACKAGE_STRING='ABySS 1.5.2'
PACKAGE_TARNAME='abyss'
PACKAGE_URL='http://www.bcgsc.ca/platform/bioinfo/software/abyss'
PACKAGE_VERSION='1.5.2'
PATH_SEPARATOR=':'
RANLIB='ranlib'
SET_MAKE=''
SHELL='/bin/bash'
STRIP=''
VERSION='1.5.2'
ac_ct_CC='gcc'
ac_ct_CXX=''
am__EXEEXT_FALSE=''
am__EXEEXT_TRUE=''
am__fastdepCC_FALSE='#'
am__fastdepCC_TRUE=''
am__fastdepCXX_FALSE=''
am__fastdepCXX_TRUE='#'
am__include='include'
am__isrc=''
am__leading_dot='.'
am__nodep='_no'
am__quote=''
am__tar='$${TAR-tar} chof - "$$tardir"'
am__untar='$${TAR-tar} xf -'
bindir='${exec_prefix}/bin'
build_alias=''
datadir='${datarootdir}'
datarootdir='${prefix}/share'
docdir='${datarootdir}/doc/${PACKAGE_TARNAME}'
dvidir='${docdir}'
exec_prefix='NONE'
host_alias=''
htmldir='${docdir}'
includedir='${prefix}/include'
infodir='${datarootdir}/info'
install_sh='${SHELL} '\''/home/morispi1/Cours/PhD/Guided Assembly/abyss-1.5.2/install-sh'\'''
libdir='${exec_prefix}/lib'
libexecdir='${exec_prefix}/libexec'
localedir='${datarootdir}/locale'
localstatedir='${prefix}/var'
mandir='${datarootdir}/man'
mkdir_p='$(MKDIR_P)'
oldincludedir='/usr/include'
pdfdir='${docdir}'
prefix='NONE'
program_transform_name='s,x,x,'
psdir='${docdir}'
sbindir='${exec_prefix}/sbin'
sharedstatedir='${prefix}/com'
sysconfdir='${prefix}/etc'
target_alias=''

## ----------- ##
## confdefs.h. ##
## ----------- ##

/* confdefs.h */
#define PACKAGE_NAME "ABySS"
#define PACKAGE_TARNAME "abyss"
#define PACKAGE_VERSION "1.5.2"
#define PACKAGE_STRING "ABySS 1.5.2"
#define PACKAGE_BUGREPORT "abyss-users@bcgsc.ca"
#define PACKAGE_URL "http://www.bcgsc.ca/platform/bioinfo/software/abyss"
#define PACKAGE "abyss"
#define VERSION "1.5.2"
#define STDC_HEADERS 1
#define HAVE_SYS_TYPES_H 1
#define HAVE_SYS_STAT_H 1
#define HAVE_STDLIB_H 1
#define HAVE_STRING_H 1
#define HAVE_MEMORY_H 1
#define HAVE_STRINGS_H 1
#define HAVE_INTTYPES_H 1
#define HAVE_STDINT_H 1
#define HAVE_UNISTD_H 1
#define HAVE_DLFCN_H 1
#define HAVE_FCNTL_H 1
#define HAVE_FLOAT_H 1
#define HAVE_LIMITS_H 1
#define HAVE_STDDEF_H 1
#define HAVE_STDINT_H 1
#define HAVE_STDLIB_H 1
#define HAVE_SYS_PARAM_H 1
#define HAVE__BOOL 1
#define HAVE_STDBOOL_H 1
#define STDC_HEADERS 1
#define HAVE_PTRDIFF_T 1
#define HAVE_DUP2 1
#define HAVE_GETHOSTNAME 1
#define HAVE_GETOPT_LONG 1
#define HAVE_GETPAGESIZE 1
#define HAVE_MEMSET 1
#define HAVE_STRDUP 1
#define HAVE_STRERROR 1
#define HAVE_STRTOUL 1
#define HAVE_FORK 1
#define HAVE_VFORK 1
#define HAVE_WORKING_VFORK 1
#define HAVE_WORKING_FORK 1
#define HAVE_STDLIB_H 1
#define HAVE_MALLOC 1
#define HAVE_STDLIB_H 1
#define HAVE_REALLOC 1
#define HAVE_VPRINTF 1
#define FMBITS 64
#define MAX_KMER 64
#define MPICH_SKIP_MPICXX 1
#define OMPI_SKIP_MPICXX 1
#define ceilf ceil
#define HAVE_POPCNT 0

configure: exit 1
