This is pdfTeX, Version 3.14159265-2.6-1.40.16 (TeX Live 2015/Debian) (preloaded format=pdflatex 2016.10.19)  10 FEB 2017 11:58
entering extended mode
 restricted \write18 enabled.
 %&-line parsing enabled.
**sa.tex
(./sa.tex
LaTeX2e <2016/02/01>
Babel <3.9q> and hyphenation patterns for 81 language(s) loaded.
(/usr/share/texlive/texmf-dist/tex/latex/base/article.cls
Document Class: article 2014/09/29 v1.4h Standard LaTeX document class
(/usr/share/texlive/texmf-dist/tex/latex/base/size10.clo
File: size10.clo 2014/09/29 v1.4h Standard LaTeX file (size option)
)
\c@part=\count79
\c@section=\count80
\c@subsection=\count81
\c@subsubsection=\count82
\c@paragraph=\count83
\c@subparagraph=\count84
\c@figure=\count85
\c@table=\count86
\abovecaptionskip=\skip41
\belowcaptionskip=\skip42
\bibindent=\dimen102
) (./ALgo.sty
(/usr/share/texlive/texmf-dist/tex/latex/graphics/color.sty
Package: color 2016/01/03 v1.1b Standard LaTeX Color (DPC)

(/usr/share/texlive/texmf-dist/tex/latex/latexconfig/color.cfg
File: color.cfg 2007/01/18 v1.5 color configuration of teTeX/TeXLive
)
Package color Info: Driver file: pdftex.def on input line 143.

(/usr/share/texlive/texmf-dist/tex/latex/pdftex-def/pdftex.def
File: pdftex.def 2011/05/27 v0.06d Graphics/color for pdfTeX

(/usr/share/texlive/texmf-dist/tex/generic/oberdiek/infwarerr.sty
Package: infwarerr 2010/04/08 v1.3 Providing info/warning/error messages (HO)
)
(/usr/share/texlive/texmf-dist/tex/generic/oberdiek/ltxcmds.sty
Package: ltxcmds 2011/11/09 v1.22 LaTeX kernel commands for general use (HO)
)
\Gread@gobject=\count87
))

-------------------------------
    _______       _____
   /  ___  \     /     \  
  |  /   \  |   |       | 
  |  \___/  | _  \_____/|/
  |   ___   || |       /|  ___
  |  /   \  || |      / | /   \  
  | |     | || |     /  ||     | 
  |_|     |_|| |    /   | \___/.sty 
             | |    \__/ 
             |  \____ 
             |_______| 
 
Release 1.0 -- November 14 2003
Author: Arnaud Lefebvre (Arnaud.Lefebvre@univ-rouen.fr)
-------------------------------

\c@xml=\count88
\c@cdata=\count89
\fichier=\write3
(./ALgo.cfg)
\@ln=\count90
\c@ALgo=\count91
\@hs=\count92
\@ls=\count93
\@tabcolsep=\skip43
\@tabn=\count94
) (./sa.aux)
\openout1 = `sa.aux'.

LaTeX Font Info:    Checking defaults for OML/cmm/m/it on input line 22.
LaTeX Font Info:    ... okay on input line 22.
LaTeX Font Info:    Checking defaults for T1/cmr/m/n on input line 22.
LaTeX Font Info:    ... okay on input line 22.
LaTeX Font Info:    Checking defaults for OT1/cmr/m/n on input line 22.
LaTeX Font Info:    ... okay on input line 22.
LaTeX Font Info:    Checking defaults for OMS/cmsy/m/n on input line 22.
LaTeX Font Info:    ... okay on input line 22.
LaTeX Font Info:    Checking defaults for OMX/cmex/m/n on input line 22.
LaTeX Font Info:    ... okay on input line 22.
LaTeX Font Info:    Checking defaults for U/cmr/m/n on input line 22.
LaTeX Font Info:    ... okay on input line 22.

(/usr/share/texlive/texmf-dist/tex/context/base/supp-pdf.mkii
[Loading MPS to PDF converter (version 2006.09.02).]
\scratchcounter=\count95
\scratchdimen=\dimen103
\scratchbox=\box26
\nofMPsegments=\count96
\nofMParguments=\count97
\everyMPshowfont=\toks14
\MPscratchCnt=\count98
\MPscratchDim=\dimen104
\MPnumerator=\count99
\makeMPintoPDFobject=\count100
\everyMPtoPDFconversion=\toks15
)
LaTeX Font Info:    External font `cmex10' loaded for size
(Font)              <12> on input line 50.
LaTeX Font Info:    External font `cmex10' loaded for size
(Font)              <8> on input line 50.
LaTeX Font Info:    External font `cmex10' loaded for size
(Font)              <6> on input line 50.
Missing character: There is no Ã in font cmr12!
Missing character: There is no « in font cmr12!
LaTeX Font Info:    External font `cmex10' loaded for size
(Font)              <7> on input line 78.
LaTeX Font Info:    External font `cmex10' loaded for size
(Font)              <5> on input line 78.
 (./ALgo.cfg)
Overfull \hbox (3.76512pt too wide) in paragraph at lines 105--134
[] 
 []


Underfull \hbox (badness 10000) in paragraph at lines 105--134

 []

(./ALgo.cfg) [1

{/var/lib/texmf/fonts/map/pdftex/updmap/pdftex.map}]
Underfull \hbox (badness 10000) in paragraph at lines 136--158

 []

[2]
Overfull \hbox (32.9967pt too wide) in paragraph at lines 230--230
[]\OT1/cmtt/m/n/10 iter = 0, rank = 0, size = 4, length = 1, list = (1,4,7,10),
 context = i[] 
 []


Overfull \hbox (6.74693pt too wide) in paragraph at lines 230--230
[]\OT1/cmtt/m/n/10 iter = 0, rank = 5, size = 2, length = 1, list = (8,9), cont
ext = p[] 
 []


Overfull \hbox (27.74675pt too wide) in paragraph at lines 230--230
[]\OT1/cmtt/m/n/10 iter = 0, rank = 7, size = 4, length = 1, list = (2,3,5,6), 
context = s[] 
 []


Overfull \hbox (22.4968pt too wide) in paragraph at lines 230--230
[]\OT1/cmtt/m/n/10 iter = 0, rank = 0, size = 3, length = 1, list = (4,7,10), c
ontext = i[] 
 []


Overfull \hbox (1.49698pt too wide) in paragraph at lines 230--230
[]\OT1/cmtt/m/n/10 iter = 1, rank = 3, size = 1, length = 2, list = (1), contex
t = is[] 
 []


Overfull \hbox (6.74693pt too wide) in paragraph at lines 230--230
[]\OT1/cmtt/m/n/10 iter = 0, rank = 5, size = 2, length = 1, list = (8,9), cont
ext = p[] 
 []


Overfull \hbox (27.74675pt too wide) in paragraph at lines 230--230
[]\OT1/cmtt/m/n/10 iter = 0, rank = 7, size = 4, length = 1, list = (2,3,5,6), 
context = s[] 
 []


Overfull \hbox (22.4968pt too wide) in paragraph at lines 230--230
[]\OT1/cmtt/m/n/10 iter = 0, rank = 0, size = 3, length = 1, list = (4,7,10), c
ontext = i[] 
 []


Overfull \hbox (6.74693pt too wide) in paragraph at lines 230--230
[]\OT1/cmtt/m/n/10 iter = 1, rank = 3, size = 1, length = 3, list = (1), contex
t = iss[] 
 []


Overfull \hbox (6.74693pt too wide) in paragraph at lines 230--230
[]\OT1/cmtt/m/n/10 iter = 0, rank = 5, size = 2, length = 1, list = (8,9), cont
ext = p[] 
 []


Overfull \hbox (27.74675pt too wide) in paragraph at lines 230--230
[]\OT1/cmtt/m/n/10 iter = 0, rank = 7, size = 4, length = 1, list = (2,3,5,6), 
context = s[] 
 []


Overfull \hbox (11.99689pt too wide) in paragraph at lines 230--230
[]\OT1/cmtt/m/n/10 iter = 0, rank = 0, size = 2, length = 1, list = (7,10), con
text = i[] 
 []


Overfull \hbox (1.49698pt too wide) in paragraph at lines 230--230
[]\OT1/cmtt/m/n/10 iter = 1, rank = 2, size = 1, length = 2, list = (4), contex
t = is[] 
 []


Overfull \hbox (6.74693pt too wide) in paragraph at lines 230--230
[]\OT1/cmtt/m/n/10 iter = 1, rank = 3, size = 1, length = 3, list = (1), contex
t = iss[] 
 []


Overfull \hbox (6.74693pt too wide) in paragraph at lines 230--230
[]\OT1/cmtt/m/n/10 iter = 0, rank = 5, size = 2, length = 1, list = (8,9), cont
ext = p[] 
 []


Overfull \hbox (27.74675pt too wide) in paragraph at lines 230--230
[]\OT1/cmtt/m/n/10 iter = 0, rank = 7, size = 4, length = 1, list = (2,3,5,6), 
context = s[] 
 []


Overfull \hbox (11.99689pt too wide) in paragraph at lines 230--230
[]\OT1/cmtt/m/n/10 iter = 0, rank = 0, size = 2, length = 1, list = (7,10), con
text = i[] 
 []


Overfull \hbox (17.24684pt too wide) in paragraph at lines 230--230
[]\OT1/cmtt/m/n/10 iter = 1, rank = 3, size = 2, length = 3, list = (1,4), cont
ext = iss[] 
 []


Overfull \hbox (6.74693pt too wide) in paragraph at lines 230--230
[]\OT1/cmtt/m/n/10 iter = 0, rank = 5, size = 2, length = 1, list = (8,9), cont
ext = p[] 
 []


Overfull \hbox (27.74675pt too wide) in paragraph at lines 230--230
[]\OT1/cmtt/m/n/10 iter = 0, rank = 7, size = 4, length = 1, list = (2,3,5,6), 
context = s[] 
 []


Overfull \hbox (1.49698pt too wide) in paragraph at lines 230--230
[]\OT1/cmtt/m/n/10 iter = 0, rank = 0, size = 1, length = 1, list = (10), conte
xt = i[] 
 []


Overfull \hbox (1.49698pt too wide) in paragraph at lines 230--230
[]\OT1/cmtt/m/n/10 iter = 2, rank = 1, size = 1, length = 2, list = (7), contex
t = ip[] 
 []


Overfull \hbox (17.24684pt too wide) in paragraph at lines 230--230
[]\OT1/cmtt/m/n/10 iter = 1, rank = 3, size = 2, length = 3, list = (1,4), cont
ext = iss[] 
 []

[3]
Overfull \hbox (6.74693pt too wide) in paragraph at lines 230--230
[]\OT1/cmtt/m/n/10 iter = 0, rank = 5, size = 2, length = 1, list = (8,9), cont
ext = p[] 
 []


Overfull \hbox (27.74675pt too wide) in paragraph at lines 230--230
[]\OT1/cmtt/m/n/10 iter = 0, rank = 7, size = 4, length = 1, list = (2,3,5,6), 
context = s[] 
 []


Overfull \hbox (1.49698pt too wide) in paragraph at lines 230--230
[]\OT1/cmtt/m/n/10 iter = 0, rank = 0, size = 1, length = 1, list = (10), conte
xt = i[] 
 []


Overfull \hbox (6.74693pt too wide) in paragraph at lines 230--230
[]\OT1/cmtt/m/n/10 iter = 2, rank = 1, size = 1, length = 3, list = (7), contex
t = ipp[] 
 []


Overfull \hbox (17.24684pt too wide) in paragraph at lines 230--230
[]\OT1/cmtt/m/n/10 iter = 1, rank = 3, size = 2, length = 3, list = (1,4), cont
ext = iss[] 
 []


Overfull \hbox (6.74693pt too wide) in paragraph at lines 230--230
[]\OT1/cmtt/m/n/10 iter = 0, rank = 5, size = 2, length = 1, list = (8,9), cont
ext = p[] 
 []


Overfull \hbox (27.74675pt too wide) in paragraph at lines 230--230
[]\OT1/cmtt/m/n/10 iter = 0, rank = 7, size = 4, length = 1, list = (2,3,5,6), 
context = s[] 
 []

[4] (./sa.aux) ) 
Here is how much of TeX's memory you used:
 1326 strings out of 493029
 15333 string characters out of 6136233
 85103 words of memory out of 5000000
 4898 multiletter control sequences out of 15000+600000
 10053 words of font info for 35 fonts, out of 8000000 for 9000
 1141 hyphenation exceptions out of 8191
 44i,15n,73p,442b,265s stack positions out of 5000i,500n,10000p,200000b,80000s
</usr/share/texlive/texmf-dist/fonts/type1/public/amsfonts/cm/c
mbx10.pfb></usr/share/texlive/texmf-dist/fonts/type1/public/amsfonts/cm/cmbx12.
pfb></usr/share/texlive/texmf-dist/fonts/type1/public/amsfonts/cm/cmbx9.pfb></u
sr/share/texlive/texmf-dist/fonts/type1/public/amsfonts/cm/cmcsc10.pfb></usr/sh
are/texlive/texmf-dist/fonts/type1/public/amsfonts/cm/cmmi10.pfb></usr/share/te
xlive/texmf-dist/fonts/type1/public/amsfonts/cm/cmr10.pfb></usr/share/texlive/t
exmf-dist/fonts/type1/public/amsfonts/cm/cmr12.pfb></usr/share/texlive/texmf-di
st/fonts/type1/public/amsfonts/cm/cmr17.pfb></usr/share/texlive/texmf-dist/font
s/type1/public/amsfonts/cm/cmsy10.pfb></usr/share/texlive/texmf-dist/fonts/type
1/public/amsfonts/cm/cmsy7.pfb></usr/share/texlive/texmf-dist/fonts/type1/publi
c/amsfonts/cm/cmti10.pfb></usr/share/texlive/texmf-dist/fonts/type1/public/amsf
onts/cm/cmti9.pfb></usr/share/texlive/texmf-dist/fonts/type1/public/amsfonts/cm
/cmtt10.pfb>
Output written on sa.pdf (4 pages, 156341 bytes).
PDF statistics:
 69 PDF objects out of 1000 (max. 8388607)
 49 compressed objects within 1 object stream
 0 named destinations out of 1000 (max. 500000)
 1 words of extra memory for PDF output out of 10000 (max. 10000000)

