This is pdfTeXk, Version 3.141592-1.40.3 (Web2C 7.5.6) (format=latex 2007.9.4)  9 MAY 2008 14:05
entering extended mode
 %&-line parsing enabled.
**DocALgoStyle
(./DocALgoStyle.tex
LaTeX2e <2005/12/01>
Babel <v3.8h> and hyphenation patterns for english, usenglishmax, dumylang, noh
yphenation, arabic, basque, bulgarian, coptic, welsh, czech, slovak, german, ng
erman, danish, esperanto, spanish, catalan, galician, estonian, farsi, finnish,
 french, greek, monogreek, ancientgreek, croatian, hungarian, interlingua, ibyc
us, indonesian, icelandic, italian, latin, mongolian, dutch, norsk, polish, por
tuguese, pinyin, romanian, russian, slovenian, uppersorbian, serbian, swedish, 
turkish, ukenglish, ukrainian, loaded.
(/usr/local/texlive/2007/texmf-dist/tex/latex/base/article.cls
Document Class: article 2005/09/16 v1.4f Standard LaTeX document class
(/usr/local/texlive/2007/texmf-dist/tex/latex/base/size10.clo
File: size10.clo 2005/09/16 v1.4f Standard LaTeX file (size option)
)
\c@part=\count79
\c@section=\count80
\c@subsection=\count81
\c@subsubsection=\count82
\c@paragraph=\count83
\c@subparagraph=\count84
\c@figure=\count85
\c@table=\count86
\abovecaptionskip=\skip41
\belowcaptionskip=\skip42
\bibindent=\dimen102
)
(/Users/al/.TeX/ALgo/ALgo.sty
(/usr/local/texlive/2007/texmf-dist/tex/latex/graphics/color.sty
Package: color 2005/11/14 v1.0j Standard LaTeX Color (DPC)

(/usr/local/texlive/2007/texmf/tex/latex/config/color.cfg
File: color.cfg 2007/01/18 v1.5 color configuration of teTeX/TeXLive
)
Package color Info: Driver file: dvips.def on input line 130.

(/usr/local/texlive/2007/texmf-dist/tex/latex/graphics/dvips.def
File: dvips.def 1999/02/16 v3.0i Driver-dependant file (DPC,SPQR)
)
(/usr/local/texlive/2007/texmf-dist/tex/latex/graphics/dvipsnam.def
File: dvipsnam.def 1999/02/16 v3.0i Driver-dependant file (DPC,SPQR)
))

-------------------------------
    _______       _____
   /  ___  \     /     \  
  |  /   \  |   |       | 
  |  \___/  | _  \_____/|/
  |   ___   || |       /|  ___
  |  /   \  || |      / | /   \  
  | |     | || |     /  ||     | 
  |_|     |_|| |    /   | \___/.sty 
             | |    \__/ 
             |  \____ 
             |_______| 
 
Release 1.0 -- November 14 2003
Author: Arnaud Lefebvre (Arnaud.Lefebvre@univ-rouen.fr)
-------------------------------

\c@xml=\count87
\c@cdata=\count88
\fichier=\write3
(/Users/al/.TeX/ALgo/ALgo.cfg)
\@ln=\count89
\c@ALgo=\count90
\@hs=\count91
\@ls=\count92
\@tabcolsep=\skip43
\@tabn=\count93
)
(/usr/local/texlive/2007/texmf-dist/tex/latex/tools/multicol.sty
Package: multicol 2006/05/18 v1.6g multicolumn formatting (FMi)
\c@tracingmulticols=\count94
\mult@box=\box26
\multicol@leftmargin=\dimen103
\c@unbalance=\count95
\c@collectmore=\count96
\doublecol@number=\count97
\multicoltolerance=\count98
\multicolpretolerance=\count99
\full@width=\dimen104
\page@free=\dimen105
\premulticols=\dimen106
\postmulticols=\dimen107
\multicolsep=\skip44
\multicolbaselineskip=\skip45
\partial@page=\box27
\last@line=\box28
\mult@rightbox=\box29
\mult@grightbox=\box30
\mult@gfirstbox=\box31
\mult@firstbox=\box32
\@tempa=\box33
\@tempa=\box34
\@tempa=\box35
\@tempa=\box36
\@tempa=\box37
\@tempa=\box38
\@tempa=\box39
\@tempa=\box40
\@tempa=\box41
\@tempa=\box42
\@tempa=\box43
\@tempa=\box44
\@tempa=\box45
\@tempa=\box46
\@tempa=\box47
\@tempa=\box48
\@tempa=\box49
\c@columnbadness=\count100
\c@finalcolumnbadness=\count101
\last@try=\dimen108
\multicolovershoot=\dimen109
\multicolundershoot=\dimen110
\mult@nat@firstbox=\box50
\colbreak@box=\box51
)
(/usr/local/texlive/2007/texmf-dist/tex/latex/tools/verbatim.sty
Package: verbatim 2003/08/22 v1.5q LaTeX2e package for verbatim enhancements
\every@verbatim=\toks14
\verbatim@line=\toks15
\verbatim@in@stream=\read1
)
(/usr/local/texlive/2007/texmf-dist/tex/latex/graphics/graphics.sty
Package: graphics 2006/02/20 v1.0o Standard LaTeX Graphics (DPC,SPQR)

(/usr/local/texlive/2007/texmf-dist/tex/latex/graphics/trig.sty
Package: trig 1999/03/16 v1.09 sin cos tan (DPC)
)
(/usr/local/texlive/2007/texmf/tex/latex/config/graphics.cfg
File: graphics.cfg 2007/01/18 v1.5 graphics configuration of teTeX/TeXLive
)
Package graphics Info: Driver file: dvips.def on input line 90.
)
(./DocALgoStyle.aux)
\openout1 = `DocALgoStyle.aux'.

LaTeX Font Info:    Checking defaults for OML/cmm/m/it on input line 12.
LaTeX Font Info:    ... okay on input line 12.
LaTeX Font Info:    Checking defaults for T1/cmr/m/n on input line 12.
LaTeX Font Info:    ... okay on input line 12.
LaTeX Font Info:    Checking defaults for OT1/cmr/m/n on input line 12.
LaTeX Font Info:    ... okay on input line 12.
LaTeX Font Info:    Checking defaults for OMS/cmsy/m/n on input line 12.
LaTeX Font Info:    ... okay on input line 12.
LaTeX Font Info:    Checking defaults for OMX/cmex/m/n on input line 12.
LaTeX Font Info:    ... okay on input line 12.
LaTeX Font Info:    Checking defaults for U/cmr/m/n on input line 12.
LaTeX Font Info:    ... okay on input line 12.
LaTeX Font Info:    External font `cmex10' loaded for size
(Font)              <9> on input line 14.
LaTeX Font Info:    External font `cmex10' loaded for size
(Font)              <6> on input line 14.
LaTeX Font Info:    External font `cmex10' loaded for size
(Font)              <5> on input line 14.
LaTeX Font Info:    External font `cmex10' loaded for size
(Font)              <12> on input line 14.
LaTeX Font Info:    External font `cmex10' loaded for size
(Font)              <8> on input line 14.

Underfull \hbox (badness 10000) in paragraph at lines 20--21

 []

(./DocALgoStyle.toc
LaTeX Font Info:    External font `cmex10' loaded for size
(Font)              <7> on input line 3.
)
\tf@toc=\write4
\openout4 = `DocALgoStyle.toc'.


Underfull \hbox (badness 10000) in paragraph at lines 23--24

 []

[1

]
Underfull \hbox (badness 10000) in paragraph at lines 28--30

 []


Underfull \hbox (badness 10000) in paragraph at lines 31--34

 []

(/Users/al/.TeX/ALgo/ALgo.cfg
Underfull \hbox (badness 10000) in paragraph at lines 41--14

 []

)
Underfull \hbox (badness 10000) in paragraph at lines 44--47

 []

LaTeX Font Info:    Try loading font information for OMS+cmr on input line 66.
(/usr/local/texlive/2007/texmf-dist/tex/latex/base/omscmr.fd
File: omscmr.fd 1999/05/25 v2.5h Standard LaTeX font definitions
)
LaTeX Font Info:    Font shape `OMS/cmr/m/n' in size <10> not available
(Font)              Font shape `OMS/cmsy/m/n' tried instead on input line 66.
 [2] [3]
(/Users/al/.TeX/ALgo/ALgo.cfg
Underfull \hbox (badness 10000) in paragraph at lines 149--14

 []

)
Overfull \hbox (33.86469pt too wide) in paragraph at lines 177--207
[] 
 []


Underfull \hbox (badness 10000) in paragraph at lines 177--207

 []


Underfull \hbox (badness 10000) in paragraph at lines 177--207

 []


Underfull \hbox (badness 10000) in paragraph at lines 177--207

 []


Underfull \hbox (badness 10000) in paragraph at lines 177--207

 []

[4] [5]
Underfull \hbox (badness 10000) in paragraph at lines 262--263

 []


Underfull \hbox (badness 10000) in paragraph at lines 264--265

 []

(/Users/al/.TeX/ALgo/ALgo.cfg)

LaTeX Warning: `!h' float specifier changed to `!ht'.

(/Users/al/.TeX/ALgo/ALgo.cfg)

LaTeX Warning: `!h' float specifier changed to `!ht'.

(/Users/al/.TeX/ALgo/ALgo.cfg) [6] [7] [8] [9] [10] [11] [12]
(./DocALgoStyle.aux) ) 
Here is how much of TeX's memory you used:
 1122 strings out of 94074
 13631 string characters out of 1163008
 76460 words of memory out of 1500000
 4425 multiletter control sequences out of 10000+50000
 10275 words of font info for 36 fonts, out of 1200000 for 2000
 645 hyphenation exceptions out of 8191
 44i,24n,73p,469b,527s stack positions out of 5000i,500n,6000p,200000b,5000s

Output written on DocALgoStyle.dvi (12 pages, 27632 bytes).
